#
# There is insufficient memory for the Java Runtime Environment to continue.
# Native memory allocation (mmap) failed to map 257949696 bytes for G1 virtual space
# Possible reasons:
#   The system is out of physical RAM or swap space
#   The process is running with CompressedOops enabled, and the Java Heap may be blocking the growth of the native heap
# Possible solutions:
#   Reduce memory load on the system
#   Increase physical memory or swap space
#   Check if swap backing store is full
#   Decrease Java heap size (-Xmx/-Xms)
#   Decrease number of Java threads
#   Decrease Java thread stack sizes (-Xss)
#   Set larger code cache with -XX:ReservedCodeCacheSize=
#   JVM is running with Zero Based Compressed Oops mode in which the Java heap is
#     placed in the first 32GB address space. The Java Heap base address is the
#     maximum limit for the native heap growth. Please use -XX:HeapBaseMinAddress
#     to set the Java Heap base and to place the Java Heap above 32GB virtual address.
# This output file may be truncated or incomplete.
#
#  Out of Memory Error (os_windows.cpp:3550), pid=15444, tid=6836
#
# JRE version:  (17.0.8+9) (build )
# Java VM: Java HotSpot(TM) 64-Bit Server VM (17.0.8+9-LTS-211, mixed mode, sharing, tiered, compressed oops, compressed class ptrs, g1 gc, windows-amd64)
# No core dump will be written. Minidumps are not enabled by default on client versions of Windows
#

---------------  S U M M A R Y ------------

Command Line: -agentlib:jdwp=transport=dt_socket,server=n,suspend=y,address=127.0.0.1:64933 -Dfile.encoding=windows-1252 -Duser.country=US -Duser.language=en -Duser.variant Class2.StringManupulation

Host: Intel(R) Core(TM) i5-8265U CPU @ 1.60GHz, 8 cores, 15G,  Windows 10 , 64 bit Build 19041 (10.0.19041.5915)
Time: Tue Apr  7 18:07:06 2026 Bangladesh Standard Time elapsed time: 0.031617 seconds (0d 0h 0m 0s)

---------------  T H R E A D  ---------------

Current thread (0x0000019f40949ff0):  JavaThread "Unknown thread" [_thread_in_vm, id=6836, stack(0x0000002dfa200000,0x0000002dfa300000)]

Stack: [0x0000002dfa200000,0x0000002dfa300000]
Native frames: (J=compiled Java code, j=interpreted, Vv=VM code, C=native code)
V  [jvm.dll+0x677d0a]
V  [jvm.dll+0x7d8c54]
V  [jvm.dll+0x7da3fe]
V  [jvm.dll+0x7daa63]
V  [jvm.dll+0x245c5f]
V  [jvm.dll+0x674bb9]
V  [jvm.dll+0x6694f2]
V  [jvm.dll+0x3031d6]
V  [jvm.dll+0x30a756]
V  [jvm.dll+0x359f9e]
V  [jvm.dll+0x35a1cf]
V  [jvm.dll+0x2da3e8]
V  [jvm.dll+0x2db354]
V  [jvm.dll+0x7aa711]
V  [jvm.dll+0x367b51]
V  [jvm.dll+0x789979]
V  [jvm.dll+0x3eb05f]
V  [jvm.dll+0x3ecae1]
C  [jli.dll+0x5297]
C  [ucrtbase.dll+0x21bb2]
C  [KERNEL32.DLL+0x17374]
C  [ntdll.dll+0x4cc91]


---------------  P R O C E S S  ---------------

Threads class SMR info:
_java_thread_list=0x00007ffbe5ad59d8, length=0, elements={
}

Java Threads: ( => current thread )

Other Threads:
  0x0000019f42b00840 GCTaskThread "GC Thread#0" [stack: 0x0000002dfa300000,0x0000002dfa400000] [id=10052]
  0x0000019f42b11bf0 ConcurrentGCThread "G1 Main Marker" [stack: 0x0000002dfa400000,0x0000002dfa500000] [id=15032]
  0x0000019f42b15430 ConcurrentGCThread "G1 Conc#0" [stack: 0x0000002dfa500000,0x0000002dfa600000] [id=11104]

[error occurred during error reporting (printing all threads), id 0xc0000005, EXCEPTION_ACCESS_VIOLATION (0xc0000005) at pc=0x00007ffbe530b047]

VM state: not at safepoint (not fully initialized)

VM Mutex/Monitor currently owned by a thread:  ([mutex/lock_event])
[0x0000019f42a96140] Heap_lock - owner thread: 0x0000019f40949ff0

Heap address: 0x000000070aa00000, size: 3926 MB, Compressed Oops mode: Zero based, Oop shift amount: 3

CDS archive(s) mapped at: [0x0000000000000000-0x0000000000000000-0x0000000000000000), size 0, SharedBaseAddress: 0x0000000800000000, ArchiveRelocationMode: 1.
Narrow klass base: 0x0000000000000000, Narrow klass shift: 0, Narrow klass range: 0x0

GC Precious Log:
<Empty>

Heap:
 garbage-first heap   total 0K, used 0K [0x000000070aa00000, 0x0000000800000000)
  region size 2048K, 0 young (0K), 0 survivors (0K)

[error occurred during error reporting (printing heap information), id 0xc0000005, EXCEPTION_ACCESS_VIOLATION (0xc0000005) at pc=0x00007ffbe56f1499]

GC Heap History (0 events):
No events

Deoptimization events (0 events):
No events

Classes unloaded (0 events):
No events

Classes redefined (0 events):
No events

Internal exceptions (0 events):
No events

VM Operations (0 events):
No events

Events (1 events):
Event: 0.017 Loaded shared library C:\Program Files\Java\jdk-17\bin\java.dll


Dynamic libraries:
0x00007ff7d7910000 - 0x00007ff7d7920000 	C:\Program Files\Java\jdk-17\bin\java.exe
0x00007ffc3bd10000 - 0x00007ffc3bf08000 	C:\WINDOWS\SYSTEM32\ntdll.dll
0x00007ffc3b6a0000 - 0x00007ffc3b762000 	C:\WINDOWS\System32\KERNEL32.DLL
0x00007ffc39600000 - 0x00007ffc398f6000 	C:\WINDOWS\System32\KERNELBASE.dll
0x00007ffc393a0000 - 0x00007ffc394a0000 	C:\WINDOWS\System32\ucrtbase.dll
0x00007ffc1c4d0000 - 0x00007ffc1c4eb000 	C:\Program Files\Java\jdk-17\bin\VCRUNTIME140.dll
0x00007ffc1c4f0000 - 0x00007ffc1c509000 	C:\Program Files\Java\jdk-17\bin\jli.dll
0x00007ffc3ac90000 - 0x00007ffc3ad41000 	C:\WINDOWS\System32\ADVAPI32.dll
0x00007ffc3a230000 - 0x00007ffc3a2ce000 	C:\WINDOWS\System32\msvcrt.dll
0x00007ffc3a810000 - 0x00007ffc3a8af000 	C:\WINDOWS\System32\sechost.dll
0x00007ffc3a3b0000 - 0x00007ffc3a4d0000 	C:\WINDOWS\System32\RPCRT4.dll
0x00007ffc39990000 - 0x00007ffc399b7000 	C:\WINDOWS\System32\bcrypt.dll
0x00007ffc3aae0000 - 0x00007ffc3ac81000 	C:\WINDOWS\System32\USER32.dll
0x00007ffc39550000 - 0x00007ffc39572000 	C:\WINDOWS\System32\win32u.dll
0x00007ffc3b770000 - 0x00007ffc3b79b000 	C:\WINDOWS\System32\GDI32.dll
0x00007ffc39c10000 - 0x00007ffc39d29000 	C:\WINDOWS\System32\gdi32full.dll
0x00007ffc39a10000 - 0x00007ffc39aad000 	C:\WINDOWS\System32\msvcp_win.dll
0x00007ffc20e60000 - 0x00007ffc210fb000 	C:\WINDOWS\WinSxS\amd64_microsoft.windows.common-controls_6595b64144ccf1df_6.0.19041.6456_none_60b8a6cb71f64256\COMCTL32.dll
0x00007ffc2fe10000 - 0x00007ffc2fe1a000 	C:\WINDOWS\SYSTEM32\VERSION.dll
0x00007ffc3ae20000 - 0x00007ffc3ae4f000 	C:\WINDOWS\System32\IMM32.DLL
0x00007ffc1cc90000 - 0x00007ffc1cc9c000 	C:\Program Files\Java\jdk-17\bin\vcruntime140_1.dll
0x00007ffc00e90000 - 0x00007ffc00f1e000 	C:\Program Files\Java\jdk-17\bin\msvcp140.dll
0x00007ffbe5020000 - 0x00007ffbe5bfe000 	C:\Program Files\Java\jdk-17\bin\server\jvm.dll
0x00007ffc3b690000 - 0x00007ffc3b698000 	C:\WINDOWS\System32\PSAPI.DLL
0x00007ffc21380000 - 0x00007ffc213a7000 	C:\WINDOWS\SYSTEM32\WINMM.dll
0x00007ffc21c70000 - 0x00007ffc21c79000 	C:\WINDOWS\SYSTEM32\WSOCK32.dll
0x00007ffc3a8b0000 - 0x00007ffc3a91b000 	C:\WINDOWS\System32\WS2_32.dll
0x00007ffc37990000 - 0x00007ffc379a2000 	C:\WINDOWS\SYSTEM32\kernel.appcore.dll
0x00007ffc1cb50000 - 0x00007ffc1cb5a000 	C:\Program Files\Java\jdk-17\bin\jimage.dll
0x00007ffc36d80000 - 0x00007ffc36f81000 	C:\WINDOWS\SYSTEM32\DBGHELP.DLL
0x00007ffbfb0b0000 - 0x00007ffbfb0e4000 	C:\WINDOWS\SYSTEM32\dbgcore.DLL
0x00007ffc39900000 - 0x00007ffc39982000 	C:\WINDOWS\System32\bcryptPrimitives.dll
0x00007ffc02da0000 - 0x00007ffc02ddb000 	C:\Program Files\Java\jdk-17\bin\jdwp.dll
0x00007ffc042a0000 - 0x00007ffc042c5000 	C:\Program Files\Java\jdk-17\bin\java.dll

dbghelp: loaded successfully - version: 4.0.5 - missing functions: none
symbol engine: initialized successfully - sym options: 0x614 - pdb path: .;C:\Program Files\Java\jdk-17\bin;C:\WINDOWS\SYSTEM32;C:\WINDOWS\WinSxS\amd64_microsoft.windows.common-controls_6595b64144ccf1df_6.0.19041.6456_none_60b8a6cb71f64256;C:\Program Files\Java\jdk-17\bin\server

VM Arguments:
jvm_args: -agentlib:jdwp=transport=dt_socket,server=n,suspend=y,address=127.0.0.1:64933 -Dfile.encoding=windows-1252 -Duser.country=US -Duser.language=en -Duser.variant 
java_command: Class2.StringManupulation
java_class_path (initial): E:\Automation Projects\Java\sqalogyJavaClass\build\classes\java\main;E:\Automation Projects\Java\sqalogyJavaClass\build\resources\main;C:\Users\akm.faisal\.gradle\caches\modules-2\files-2.1\com.googlecode.json-simple\json-simple\1.1.1\c9ad4a0850ab676c5c64461a05ca524cdfff59f1\json-simple-1.1.1.jar;C:\Users\akm.faisal\.gradle\caches\modules-2\files-2.1\junit\junit\4.10\e4f1766ce7404a08f45d859fb9c226fc9e41a861\junit-4.10.jar;C:\Users\akm.faisal\.gradle\caches\modules-2\files-2.1\org.hamcrest\hamcrest-core\1.1\860340562250678d1a344907ac75754e259cdb14\hamcrest-core-1.1.jar
Launcher Type: SUN_STANDARD

[Global flags]
     intx CICompilerCount                          = 4                                         {product} {ergonomic}
     uint ConcGCThreads                            = 2                                         {product} {ergonomic}
     uint G1ConcRefinementThreads                  = 8                                         {product} {ergonomic}
   size_t G1HeapRegionSize                         = 2097152                                   {product} {ergonomic}
    uintx GCDrainStackTargetSize                   = 64                                        {product} {ergonomic}
   size_t InitialHeapSize                          = 257949696                                 {product} {ergonomic}
   size_t MarkStackSize                            = 4194304                                   {product} {ergonomic}
   size_t MaxHeapSize                              = 4116709376                                {product} {ergonomic}
   size_t MinHeapDeltaBytes                        = 2097152                                   {product} {ergonomic}
   size_t MinHeapSize                              = 8388608                                   {product} {ergonomic}
    uintx NonNMethodCodeHeapSize                   = 5839372                                {pd product} {ergonomic}
    uintx NonProfiledCodeHeapSize                  = 122909434                              {pd product} {ergonomic}
    uintx ProfiledCodeHeapSize                     = 122909434                              {pd product} {ergonomic}
    uintx ReservedCodeCacheSize                    = 251658240                              {pd product} {ergonomic}
     bool SegmentedCodeCache                       = true                                      {product} {ergonomic}
   size_t SoftMaxHeapSize                          = 4116709376                             {manageable} {ergonomic}
     bool UseCompressedClassPointers               = true                           {product lp64_product} {ergonomic}
     bool UseCompressedOops                        = true                           {product lp64_product} {ergonomic}
     bool UseG1GC                                  = true                                      {product} {ergonomic}
     bool UseLargePagesIndividualAllocation        = false                                  {pd product} {ergonomic}

Logging:
Log output configuration:
 #0: stdout all=warning uptime,level,tags
 #1: stderr all=off uptime,level,tags

Environment Variables:
JAVA_HOME=C:\Program Files\Java\jdk-17
PATH=C:\Program Files\Common Files\Oracle\Java\javapath;C:\Program Files (x86)\Common Files\Oracle\Java\javapath;C:\WINDOWS\system32;C:\WINDOWS;C:\WINDOWS\System32\Wbem;C:\WINDOWS\System32\WindowsPowerShell\v1.0\;C:\Program Files\dotnet\;C:\Program Files\Microsoft SQL Server\130\Tools\Binn\;C:\Program Files\Microsoft SQL Server\Client SDK\ODBC\170\Tools\Binn\;C:\Program Files (x86)\Microsoft SQL Server\150\DTS\Binn\;C:\Program Files\Microsoft SQL Server\Client SDK\ODBC\130\Tools\Binn\;C:\Program Files (x86)\Microsoft SQL Server\140\Tools\Binn\;C:\Program Files\Microsoft SQL Server\140\Tools\Binn\;C:\Program Files\Microsoft SQL Server\140\DTS\Binn\;C:\WINDOWS\System32\OpenSSH\;C:\Program Files\PuTTY\;C:\Program Files\Git\cmd;C:\maven\apache-maven-3.9.4\bin;C:\Program Files\Java\jdk-17\bin;C:\Users\akm.faisal\Downloads\apache-jmeter-5.6.3\bin;C:\Program Files\Java\gradle-8.5\bin;C:\Users\akm.faisal\AppData\Roaming\nvm;C:\Program Files\nodejs;C:\Users\akm.faisal\AppData\Local\Android\Sdk\platform-tools;c:\Users\akm.faisal\AppData\Local\Programs\cursor\resources\app\bin;C:\Program Files\Java\allure-2.35.1\bin;C:\Users\akm.faisal\AppData\Local\Microsoft\WindowsApps;C:\Users\akm.faisal\.dotnet\tools;C:\Program Files\JetBrains\PyCharm 2021.3\bin;;C:\Users\akm.faisal\AppData\Roaming\npm;C:\Program Files\JetBrains\IntelliJ IDEA Community Edition 2023.3\bin;;C:\Users\akm.faisal\AppData\Roaming\nvm;C:\Program Files\nodejs;C:\Program Files\Java\gradle-8.5\bin;C:\Users\akm.faisal\AppData\Local\Programs\Microsoft VS Code\bin
USERNAME=akm.faisal
OS=Windows_NT
PROCESSOR_IDENTIFIER=Intel64 Family 6 Model 142 Stepping 12, GenuineIntel



---------------  S Y S T E M  ---------------

OS:
 Windows 10 , 64 bit Build 19041 (10.0.19041.5915)
OS uptime: 0 days 3:47 hours
Hyper-V role detected

CPU: total 8 (initial active 8) (4 cores per cpu, 2 threads per core) family 6 model 142 stepping 12 microcode 0xd6, cx8, cmov, fxsr, ht, mmx, 3dnowpref, sse, sse2, sse3, ssse3, sse4.1, sse4.2, popcnt, lzcnt, tsc, tscinvbit, avx, avx2, aes, erms, clmul, bmi1, bmi2, adx, fma, vzeroupper, clflush, clflushopt, hv

Memory: 4k page, system-wide physical 15698M (2172M free)
TotalPageFile size 41684M (AvailPageFile size 218M)
current process WorkingSet (physical memory assigned to process): 10M, peak: 10M
current process commit charge ("private bytes"): 60M, peak: 306M

vm_info: Java HotSpot(TM) 64-Bit Server VM (17.0.8+9-LTS-211) for windows-amd64 JRE (17.0.8+9-LTS-211), built on Jun 14 2023 10:34:31 by "mach5one" with MS VC++ 17.1 (VS2022)

END.
