#
# There is insufficient memory for the Java Runtime Environment to continue.
# Native memory allocation (malloc) failed to allocate 32744 bytes for ChunkPool::allocate
# Possible reasons:
#   The system is out of physical RAM or swap space
#   The process is running with CompressedOops enabled, and the Java Heap may be blocking the growth of the native heap
# Possible solutions:
#   Reduce memory load on the system
#   Increase physical memory or swap space
#   Check if swap backing store is full
#   Decrease Java heap size (-Xmx/-Xms)
#   Decrease number of Java threads
#   Decrease Java thread stack sizes (-Xss)
#   Set larger code cache with -XX:ReservedCodeCacheSize=
#   JVM is running with Unscaled Compressed Oops mode in which the Java heap is
#     placed in the first 4GB address space. The Java Heap base address is the
#     maximum limit for the native heap growth. Please use -XX:HeapBaseMinAddress
#     to set the Java Heap base and to place the Java Heap above 4GB virtual address.
# This output file may be truncated or incomplete.
#
#  Out of Memory Error (arena.cpp:78), pid=12084, tid=2936
#
# JRE version: Java(TM) SE Runtime Environment (17.0.8+9) (build 17.0.8+9-LTS-211)
# Java VM: Java HotSpot(TM) 64-Bit Server VM (17.0.8+9-LTS-211, mixed mode, sharing, tiered, compressed oops, compressed class ptrs, g1 gc, windows-amd64)
# No core dump will be written. Minidumps are not enabled by default on client versions of Windows
#

---------------  S U M M A R Y ------------

Command Line: --add-opens=java.base/java.util=ALL-UNNAMED --add-opens=java.base/java.lang=ALL-UNNAMED --add-opens=java.base/java.lang.invoke=ALL-UNNAMED --add-opens=java.prefs/java.util.prefs=ALL-UNNAMED --add-opens=java.base/java.nio.charset=ALL-UNNAMED --add-opens=java.base/java.net=ALL-UNNAMED --add-opens=java.base/java.util.concurrent.atomic=ALL-UNNAMED -XX:MaxMetaspaceSize=384m -XX:+HeapDumpOnOutOfMemoryError -Xms256m -Xmx512m -Dfile.encoding=windows-1252 -Duser.country=US -Duser.language=en -Duser.variant -javaagent:C:\Users\akm.faisal\.gradle\wrapper\dists\gradle-8.4-bin\1w5dpkrfk8irigvoxmyhowfim\gradle-8.4\lib\agents\gradle-instrumentation-agent-8.4.jar org.gradle.launcher.daemon.bootstrap.GradleDaemon 8.4

Host: Intel(R) Core(TM) i5-8265U CPU @ 1.60GHz, 8 cores, 15G,  Windows 10 , 64 bit Build 19041 (10.0.19041.5915)
Time: Tue Apr  7 18:07:26 2026 Bangladesh Standard Time elapsed time: 3.153442 seconds (0d 0h 0m 3s)

---------------  T H R E A D  ---------------

Current thread (0x000001c34ba11730):  JavaThread "C2 CompilerThread0" daemon [_thread_in_native, id=2936, stack(0x0000003b6f200000,0x0000003b6f300000)]


Current CompileTask:
C2:   3153 2300   !   4       java.net.URLClassLoader$1::run (81 bytes)

Stack: [0x0000003b6f200000,0x0000003b6f300000]
Native frames: (J=compiled Java code, j=interpreted, Vv=VM code, C=native code)
V  [jvm.dll+0x677d0a]
V  [jvm.dll+0x7d8c54]
V  [jvm.dll+0x7da3fe]
V  [jvm.dll+0x7daa63]
V  [jvm.dll+0x245c5f]
V  [jvm.dll+0xaacc0]
V  [jvm.dll+0xab00c]
V  [jvm.dll+0x60503e]
V  [jvm.dll+0x60aa7c]
V  [jvm.dll+0x60b99c]
V  [jvm.dll+0x609e74]
V  [jvm.dll+0x217e7e]
V  [jvm.dll+0x217431]
V  [jvm.dll+0x1a3af0]
V  [jvm.dll+0x2270be]
V  [jvm.dll+0x22535b]
V  [jvm.dll+0x78e7bc]
V  [jvm.dll+0x788bba]
V  [jvm.dll+0x676b35]
C  [ucrtbase.dll+0x21bb2]
C  [KERNEL32.DLL+0x17374]
C  [ntdll.dll+0x4cc91]


---------------  P R O C E S S  ---------------

Threads class SMR info:
_java_thread_list=0x000001c3673c9a80, length=27, elements={
0x000001c331118c40, 0x000001c34b9ed370, 0x000001c34b9ee0f0, 0x000001c34ba07440,
0x000001c34ba081c0, 0x000001c34ba0bba0, 0x000001c34ba0c460, 0x000001c34ba11730,
0x000001c34ba1bd20, 0x000001c34ba1db70, 0x000001c34bc265d0, 0x000001c34bcce0f0,
0x000001c3660f6b30, 0x000001c366f224b0, 0x000001c367374600, 0x000001c366cdb020,
0x000001c365fac9c0, 0x000001c365face90, 0x000001c366ecd3e0, 0x000001c367acf1c0,
0x000001c367acf690, 0x000001c3663eada0, 0x000001c3663eca80, 0x000001c3663eb740,
0x000001c3675f3ac0, 0x000001c3663e90c0, 0x000001c367b7e680
}

Java Threads: ( => current thread )
  0x000001c331118c40 JavaThread "main" [_thread_blocked, id=1656, stack(0x0000003b6e500000,0x0000003b6e600000)]
  0x000001c34b9ed370 JavaThread "Reference Handler" daemon [_thread_blocked, id=16184, stack(0x0000003b6ec00000,0x0000003b6ed00000)]
  0x000001c34b9ee0f0 JavaThread "Finalizer" daemon [_thread_blocked, id=16324, stack(0x0000003b6ed00000,0x0000003b6ee00000)]
  0x000001c34ba07440 JavaThread "Signal Dispatcher" daemon [_thread_blocked, id=12976, stack(0x0000003b6ee00000,0x0000003b6ef00000)]
  0x000001c34ba081c0 JavaThread "Attach Listener" daemon [_thread_blocked, id=6328, stack(0x0000003b6ef00000,0x0000003b6f000000)]
  0x000001c34ba0bba0 JavaThread "Service Thread" daemon [_thread_blocked, id=10940, stack(0x0000003b6f000000,0x0000003b6f100000)]
  0x000001c34ba0c460 JavaThread "Monitor Deflation Thread" daemon [_thread_blocked, id=8892, stack(0x0000003b6f100000,0x0000003b6f200000)]
=>0x000001c34ba11730 JavaThread "C2 CompilerThread0" daemon [_thread_in_native, id=2936, stack(0x0000003b6f200000,0x0000003b6f300000)]
  0x000001c34ba1bd20 JavaThread "C1 CompilerThread0" daemon [_thread_blocked, id=13456, stack(0x0000003b6f300000,0x0000003b6f400000)]
  0x000001c34ba1db70 JavaThread "Sweeper thread" daemon [_thread_blocked, id=15844, stack(0x0000003b6f400000,0x0000003b6f500000)]
  0x000001c34bc265d0 JavaThread "Common-Cleaner" daemon [_thread_blocked, id=9196, stack(0x0000003b6f500000,0x0000003b6f600000)]
  0x000001c34bcce0f0 JavaThread "Notification Thread" daemon [_thread_blocked, id=9384, stack(0x0000003b6f600000,0x0000003b6f700000)]
  0x000001c3660f6b30 JavaThread "Daemon health stats" [_thread_blocked, id=3588, stack(0x0000003b6ff00000,0x0000003b70000000)]
  0x000001c366f224b0 JavaThread "Incoming local TCP Connector on port 64938" [_thread_in_native, id=12984, stack(0x0000003b70000000,0x0000003b70100000)]
  0x000001c367374600 JavaThread "Daemon periodic checks" [_thread_blocked, id=12300, stack(0x0000003b70100000,0x0000003b70200000)]
  0x000001c366cdb020 JavaThread "Daemon" [_thread_blocked, id=3000, stack(0x0000003b70200000,0x0000003b70300000)]
  0x000001c365fac9c0 JavaThread "Handler for socket connection from /127.0.0.1:64938 to /127.0.0.1:64939" [_thread_in_native, id=9716, stack(0x0000003b70300000,0x0000003b70400000)]
  0x000001c365face90 JavaThread "Cancel handler" [_thread_blocked, id=15508, stack(0x0000003b70400000,0x0000003b70500000)]
  0x000001c366ecd3e0 JavaThread "Daemon worker" [_thread_in_vm, id=908, stack(0x0000003b70500000,0x0000003b70600000)]
  0x000001c367acf1c0 JavaThread "Asynchronous log dispatcher for DefaultDaemonConnection: socket connection from /127.0.0.1:64938 to /127.0.0.1:64939" [_thread_blocked, id=16232, stack(0x0000003b70600000,0x0000003b70700000)]
  0x000001c367acf690 JavaThread "Stdin handler" [_thread_blocked, id=600, stack(0x0000003b70700000,0x0000003b70800000)]
  0x000001c3663eada0 JavaThread "Daemon client event forwarder" [_thread_blocked, id=4688, stack(0x0000003b70800000,0x0000003b70900000)]
  0x000001c3663eca80 JavaThread "Cache worker for journal cache (C:\Users\akm.faisal\.gradle\caches\journal-1)" [_thread_blocked, id=6604, stack(0x0000003b6f800000,0x0000003b6f900000)]
  0x000001c3663eb740 JavaThread "File lock request listener" [_thread_in_native, id=6132, stack(0x0000003b6f900000,0x0000003b6fa00000)]
  0x000001c3675f3ac0 JavaThread "C2 CompilerThread1" daemon [_thread_in_native, id=15736, stack(0x0000003b70900000,0x0000003b70a00000)]
  0x000001c3663e90c0 JavaThread "Cache worker for file hash cache (C:\Users\akm.faisal\.gradle\caches\8.4\fileHashes)" [_thread_blocked, id=14288, stack(0x0000003b70a00000,0x0000003b70b00000)]
  0x000001c367b7e680 JavaThread "C2 CompilerThread2" daemon [_thread_in_native, id=12200, stack(0x0000003b70b00000,0x0000003b70c00000)]

Other Threads:
  0x000001c34b9e87a0 VMThread "VM Thread" [stack: 0x0000003b6eb00000,0x0000003b6ec00000] [id=14140]
  0x000001c331153430 WatcherThread [stack: 0x0000003b6f700000,0x0000003b6f800000] [id=13600]
  0x000001c3311464f0 GCTaskThread "GC Thread#0" [stack: 0x0000003b6e600000,0x0000003b6e700000] [id=10760]
  0x000001c365e68e30 GCTaskThread "GC Thread#1" [stack: 0x0000003b6fa00000,0x0000003b6fb00000] [id=9860]
  0x000001c3658a26b0 GCTaskThread "GC Thread#2" [stack: 0x0000003b6fb00000,0x0000003b6fc00000] [id=15956]
  0x000001c365ebb820 GCTaskThread "GC Thread#3" [stack: 0x0000003b6fc00000,0x0000003b6fd00000] [id=916]
  0x000001c365ebbad0 GCTaskThread "GC Thread#4" [stack: 0x0000003b6fd00000,0x0000003b6fe00000] [id=3960]
  0x000001c3656817c0 GCTaskThread "GC Thread#5" [stack: 0x0000003b6fe00000,0x0000003b6ff00000] [id=9048]
  0x000001c33114c350 ConcurrentGCThread "G1 Main Marker" [stack: 0x0000003b6e700000,0x0000003b6e800000] [id=12100]
  0x000001c33114cc70 ConcurrentGCThread "G1 Conc#0" [stack: 0x0000003b6e800000,0x0000003b6e900000] [id=15052]
  0x000001c34b8b20d0 ConcurrentGCThread "G1 Refine#0" [stack: 0x0000003b6e900000,0x0000003b6ea00000] [id=7012]
  0x000001c34b8b2a00 ConcurrentGCThread "G1 Service" [stack: 0x0000003b6ea00000,0x0000003b6eb00000] [id=9668]

Threads with active compile tasks:
C2 CompilerThread0     3177 2300   !   4       java.net.URLClassLoader$1::run (81 bytes)
C2 CompilerThread1     3177 2299       4       java.net.URLClassLoader$1::run (5 bytes)
C2 CompilerThread2     3177 2306   !   4       java.net.URLClassLoader::findClass (47 bytes)

VM state: not at safepoint (normal execution)

VM Mutex/Monitor currently owned by a thread: None

Heap address: 0x00000000e0000000, size: 512 MB, Compressed Oops mode: 32-bit

CDS archive(s) mapped at: [0x000001c34c000000-0x000001c34cbd0000-0x000001c34cbd0000), size 12386304, SharedBaseAddress: 0x000001c34c000000, ArchiveRelocationMode: 1.
Compressed class space mapped at: 0x000001c34d000000-0x000001c361000000, reserved size: 335544320
Narrow klass base: 0x000001c34c000000, Narrow klass shift: 0, Narrow klass range: 0x100000000

GC Precious Log:
 CPUs: 8 total, 8 available
 Memory: 15698M
 Large Page Support: Disabled
 NUMA Support: Disabled
 Compressed Oops: Enabled (32-bit)
 Heap Region Size: 1M
 Heap Min Capacity: 256M
 Heap Initial Capacity: 256M
 Heap Max Capacity: 512M
 Pre-touch: Disabled
 Parallel Workers: 8
 Concurrent Workers: 2
 Concurrent Refinement Workers: 8
 Periodic GC: Disabled

Heap:
 garbage-first heap   total 262144K, used 105567K [0x00000000e0000000, 0x0000000100000000)
  region size 1024K, 93 young (95232K), 1 survivors (1024K)
 Metaspace       used 18227K, committed 18496K, reserved 393216K
  class space    used 2673K, committed 2816K, reserved 327680K

Heap Regions: E=young(eden), S=young(survivor), O=old, HS=humongous(starts), HC=humongous(continues), CS=collection set, F=free, OA=open archive, CA=closed archive, TAMS=top-at-mark-start (previous, next)
|   0|0x00000000e0000000, 0x00000000e0100000, 0x00000000e0100000|100%|HS|  |TAMS 0x00000000e0000000, 0x00000000e0000000| Complete 
|   1|0x00000000e0100000, 0x00000000e0200000, 0x00000000e0200000|100%|HC|  |TAMS 0x00000000e0100000, 0x00000000e0100000| Complete 
|   2|0x00000000e0200000, 0x00000000e0300000, 0x00000000e0300000|100%|HC|  |TAMS 0x00000000e0200000, 0x00000000e0200000| Complete 
|   3|0x00000000e0300000, 0x00000000e0400000, 0x00000000e0400000|100%|HC|  |TAMS 0x00000000e0300000, 0x00000000e0300000| Complete 
|   4|0x00000000e0400000, 0x00000000e0500000, 0x00000000e0500000|100%| O|  |TAMS 0x00000000e0400000, 0x00000000e0400000| Untracked 
|   5|0x00000000e0500000, 0x00000000e0600000, 0x00000000e0600000|100%| O|  |TAMS 0x00000000e0500000, 0x00000000e0500000| Untracked 
|   6|0x00000000e0600000, 0x00000000e0700000, 0x00000000e0700000|100%| O|  |TAMS 0x00000000e0600000, 0x00000000e0600000| Untracked 
|   7|0x00000000e0700000, 0x00000000e0800000, 0x00000000e0800000|100%| O|  |TAMS 0x00000000e0700000, 0x00000000e0700000| Untracked 
|   8|0x00000000e0800000, 0x00000000e0900000, 0x00000000e0900000|100%| O|  |TAMS 0x00000000e0800000, 0x00000000e0800000| Untracked 
|   9|0x00000000e0900000, 0x00000000e0a00000, 0x00000000e0a00000|100%| O|  |TAMS 0x00000000e0900000, 0x00000000e0900000| Untracked 
|  10|0x00000000e0a00000, 0x00000000e0a6b000, 0x00000000e0b00000| 41%| O|  |TAMS 0x00000000e0a00000, 0x00000000e0a00000| Untracked 
|  11|0x00000000e0b00000, 0x00000000e0c00000, 0x00000000e0c00000|100%|HS|  |TAMS 0x00000000e0b00000, 0x00000000e0b00000| Complete 
|  12|0x00000000e0c00000, 0x00000000e0c00000, 0x00000000e0d00000|  0%| F|  |TAMS 0x00000000e0c00000, 0x00000000e0c00000| Untracked 
|  13|0x00000000e0d00000, 0x00000000e0d00000, 0x00000000e0e00000|  0%| F|  |TAMS 0x00000000e0d00000, 0x00000000e0d00000| Untracked 
|  14|0x00000000e0e00000, 0x00000000e0e00000, 0x00000000e0f00000|  0%| F|  |TAMS 0x00000000e0e00000, 0x00000000e0e00000| Untracked 
|  15|0x00000000e0f00000, 0x00000000e0f00000, 0x00000000e1000000|  0%| F|  |TAMS 0x00000000e0f00000, 0x00000000e0f00000| Untracked 
|  16|0x00000000e1000000, 0x00000000e1000000, 0x00000000e1100000|  0%| F|  |TAMS 0x00000000e1000000, 0x00000000e1000000| Untracked 
|  17|0x00000000e1100000, 0x00000000e1100000, 0x00000000e1200000|  0%| F|  |TAMS 0x00000000e1100000, 0x00000000e1100000| Untracked 
|  18|0x00000000e1200000, 0x00000000e1200000, 0x00000000e1300000|  0%| F|  |TAMS 0x00000000e1200000, 0x00000000e1200000| Untracked 
|  19|0x00000000e1300000, 0x00000000e1300000, 0x00000000e1400000|  0%| F|  |TAMS 0x00000000e1300000, 0x00000000e1300000| Untracked 
|  20|0x00000000e1400000, 0x00000000e1400000, 0x00000000e1500000|  0%| F|  |TAMS 0x00000000e1400000, 0x00000000e1400000| Untracked 
|  21|0x00000000e1500000, 0x00000000e1500000, 0x00000000e1600000|  0%| F|  |TAMS 0x00000000e1500000, 0x00000000e1500000| Untracked 
|  22|0x00000000e1600000, 0x00000000e1600000, 0x00000000e1700000|  0%| F|  |TAMS 0x00000000e1600000, 0x00000000e1600000| Untracked 
|  23|0x00000000e1700000, 0x00000000e1700000, 0x00000000e1800000|  0%| F|  |TAMS 0x00000000e1700000, 0x00000000e1700000| Untracked 
|  24|0x00000000e1800000, 0x00000000e1800000, 0x00000000e1900000|  0%| F|  |TAMS 0x00000000e1800000, 0x00000000e1800000| Untracked 
|  25|0x00000000e1900000, 0x00000000e1900000, 0x00000000e1a00000|  0%| F|  |TAMS 0x00000000e1900000, 0x00000000e1900000| Untracked 
|  26|0x00000000e1a00000, 0x00000000e1a00000, 0x00000000e1b00000|  0%| F|  |TAMS 0x00000000e1a00000, 0x00000000e1a00000| Untracked 
|  27|0x00000000e1b00000, 0x00000000e1b00000, 0x00000000e1c00000|  0%| F|  |TAMS 0x00000000e1b00000, 0x00000000e1b00000| Untracked 
|  28|0x00000000e1c00000, 0x00000000e1c00000, 0x00000000e1d00000|  0%| F|  |TAMS 0x00000000e1c00000, 0x00000000e1c00000| Untracked 
|  29|0x00000000e1d00000, 0x00000000e1d00000, 0x00000000e1e00000|  0%| F|  |TAMS 0x00000000e1d00000, 0x00000000e1d00000| Untracked 
|  30|0x00000000e1e00000, 0x00000000e1e00000, 0x00000000e1f00000|  0%| F|  |TAMS 0x00000000e1e00000, 0x00000000e1e00000| Untracked 
|  31|0x00000000e1f00000, 0x00000000e1f00000, 0x00000000e2000000|  0%| F|  |TAMS 0x00000000e1f00000, 0x00000000e1f00000| Untracked 
|  32|0x00000000e2000000, 0x00000000e2000000, 0x00000000e2100000|  0%| F|  |TAMS 0x00000000e2000000, 0x00000000e2000000| Untracked 
|  33|0x00000000e2100000, 0x00000000e2100000, 0x00000000e2200000|  0%| F|  |TAMS 0x00000000e2100000, 0x00000000e2100000| Untracked 
|  34|0x00000000e2200000, 0x00000000e2200000, 0x00000000e2300000|  0%| F|  |TAMS 0x00000000e2200000, 0x00000000e2200000| Untracked 
|  35|0x00000000e2300000, 0x00000000e2300000, 0x00000000e2400000|  0%| F|  |TAMS 0x00000000e2300000, 0x00000000e2300000| Untracked 
|  36|0x00000000e2400000, 0x00000000e2400000, 0x00000000e2500000|  0%| F|  |TAMS 0x00000000e2400000, 0x00000000e2400000| Untracked 
|  37|0x00000000e2500000, 0x00000000e2500000, 0x00000000e2600000|  0%| F|  |TAMS 0x00000000e2500000, 0x00000000e2500000| Untracked 
|  38|0x00000000e2600000, 0x00000000e2600000, 0x00000000e2700000|  0%| F|  |TAMS 0x00000000e2600000, 0x00000000e2600000| Untracked 
|  39|0x00000000e2700000, 0x00000000e2700000, 0x00000000e2800000|  0%| F|  |TAMS 0x00000000e2700000, 0x00000000e2700000| Untracked 
|  40|0x00000000e2800000, 0x00000000e2800000, 0x00000000e2900000|  0%| F|  |TAMS 0x00000000e2800000, 0x00000000e2800000| Untracked 
|  41|0x00000000e2900000, 0x00000000e2900000, 0x00000000e2a00000|  0%| F|  |TAMS 0x00000000e2900000, 0x00000000e2900000| Untracked 
|  42|0x00000000e2a00000, 0x00000000e2a00000, 0x00000000e2b00000|  0%| F|  |TAMS 0x00000000e2a00000, 0x00000000e2a00000| Untracked 
|  43|0x00000000e2b00000, 0x00000000e2b00000, 0x00000000e2c00000|  0%| F|  |TAMS 0x00000000e2b00000, 0x00000000e2b00000| Untracked 
|  44|0x00000000e2c00000, 0x00000000e2c00000, 0x00000000e2d00000|  0%| F|  |TAMS 0x00000000e2c00000, 0x00000000e2c00000| Untracked 
|  45|0x00000000e2d00000, 0x00000000e2d00000, 0x00000000e2e00000|  0%| F|  |TAMS 0x00000000e2d00000, 0x00000000e2d00000| Untracked 
|  46|0x00000000e2e00000, 0x00000000e2e00000, 0x00000000e2f00000|  0%| F|  |TAMS 0x00000000e2e00000, 0x00000000e2e00000| Untracked 
|  47|0x00000000e2f00000, 0x00000000e2f00000, 0x00000000e3000000|  0%| F|  |TAMS 0x00000000e2f00000, 0x00000000e2f00000| Untracked 
|  48|0x00000000e3000000, 0x00000000e3000000, 0x00000000e3100000|  0%| F|  |TAMS 0x00000000e3000000, 0x00000000e3000000| Untracked 
|  49|0x00000000e3100000, 0x00000000e3100000, 0x00000000e3200000|  0%| F|  |TAMS 0x00000000e3100000, 0x00000000e3100000| Untracked 
|  50|0x00000000e3200000, 0x00000000e3200000, 0x00000000e3300000|  0%| F|  |TAMS 0x00000000e3200000, 0x00000000e3200000| Untracked 
|  51|0x00000000e3300000, 0x00000000e3300000, 0x00000000e3400000|  0%| F|  |TAMS 0x00000000e3300000, 0x00000000e3300000| Untracked 
|  52|0x00000000e3400000, 0x00000000e3400000, 0x00000000e3500000|  0%| F|  |TAMS 0x00000000e3400000, 0x00000000e3400000| Untracked 
|  53|0x00000000e3500000, 0x00000000e3500000, 0x00000000e3600000|  0%| F|  |TAMS 0x00000000e3500000, 0x00000000e3500000| Untracked 
|  54|0x00000000e3600000, 0x00000000e3600000, 0x00000000e3700000|  0%| F|  |TAMS 0x00000000e3600000, 0x00000000e3600000| Untracked 
|  55|0x00000000e3700000, 0x00000000e3700000, 0x00000000e3800000|  0%| F|  |TAMS 0x00000000e3700000, 0x00000000e3700000| Untracked 
|  56|0x00000000e3800000, 0x00000000e3800000, 0x00000000e3900000|  0%| F|  |TAMS 0x00000000e3800000, 0x00000000e3800000| Untracked 
|  57|0x00000000e3900000, 0x00000000e3900000, 0x00000000e3a00000|  0%| F|  |TAMS 0x00000000e3900000, 0x00000000e3900000| Untracked 
|  58|0x00000000e3a00000, 0x00000000e3a00000, 0x00000000e3b00000|  0%| F|  |TAMS 0x00000000e3a00000, 0x00000000e3a00000| Untracked 
|  59|0x00000000e3b00000, 0x00000000e3b00000, 0x00000000e3c00000|  0%| F|  |TAMS 0x00000000e3b00000, 0x00000000e3b00000| Untracked 
|  60|0x00000000e3c00000, 0x00000000e3c00000, 0x00000000e3d00000|  0%| F|  |TAMS 0x00000000e3c00000, 0x00000000e3c00000| Untracked 
|  61|0x00000000e3d00000, 0x00000000e3d00000, 0x00000000e3e00000|  0%| F|  |TAMS 0x00000000e3d00000, 0x00000000e3d00000| Untracked 
|  62|0x00000000e3e00000, 0x00000000e3e00000, 0x00000000e3f00000|  0%| F|  |TAMS 0x00000000e3e00000, 0x00000000e3e00000| Untracked 
|  63|0x00000000e3f00000, 0x00000000e3f00000, 0x00000000e4000000|  0%| F|  |TAMS 0x00000000e3f00000, 0x00000000e3f00000| Untracked 
|  64|0x00000000e4000000, 0x00000000e4000000, 0x00000000e4100000|  0%| F|  |TAMS 0x00000000e4000000, 0x00000000e4000000| Untracked 
|  65|0x00000000e4100000, 0x00000000e4100000, 0x00000000e4200000|  0%| F|  |TAMS 0x00000000e4100000, 0x00000000e4100000| Untracked 
|  66|0x00000000e4200000, 0x00000000e4200000, 0x00000000e4300000|  0%| F|  |TAMS 0x00000000e4200000, 0x00000000e4200000| Untracked 
|  67|0x00000000e4300000, 0x00000000e4300000, 0x00000000e4400000|  0%| F|  |TAMS 0x00000000e4300000, 0x00000000e4300000| Untracked 
|  68|0x00000000e4400000, 0x00000000e4400000, 0x00000000e4500000|  0%| F|  |TAMS 0x00000000e4400000, 0x00000000e4400000| Untracked 
|  69|0x00000000e4500000, 0x00000000e4500000, 0x00000000e4600000|  0%| F|  |TAMS 0x00000000e4500000, 0x00000000e4500000| Untracked 
|  70|0x00000000e4600000, 0x00000000e4600000, 0x00000000e4700000|  0%| F|  |TAMS 0x00000000e4600000, 0x00000000e4600000| Untracked 
|  71|0x00000000e4700000, 0x00000000e4700000, 0x00000000e4800000|  0%| F|  |TAMS 0x00000000e4700000, 0x00000000e4700000| Untracked 
|  72|0x00000000e4800000, 0x00000000e4800000, 0x00000000e4900000|  0%| F|  |TAMS 0x00000000e4800000, 0x00000000e4800000| Untracked 
|  73|0x00000000e4900000, 0x00000000e4900000, 0x00000000e4a00000|  0%| F|  |TAMS 0x00000000e4900000, 0x00000000e4900000| Untracked 
|  74|0x00000000e4a00000, 0x00000000e4a00000, 0x00000000e4b00000|  0%| F|  |TAMS 0x00000000e4a00000, 0x00000000e4a00000| Untracked 
|  75|0x00000000e4b00000, 0x00000000e4b00000, 0x00000000e4c00000|  0%| F|  |TAMS 0x00000000e4b00000, 0x00000000e4b00000| Untracked 
|  76|0x00000000e4c00000, 0x00000000e4c00000, 0x00000000e4d00000|  0%| F|  |TAMS 0x00000000e4c00000, 0x00000000e4c00000| Untracked 
|  77|0x00000000e4d00000, 0x00000000e4d00000, 0x00000000e4e00000|  0%| F|  |TAMS 0x00000000e4d00000, 0x00000000e4d00000| Untracked 
|  78|0x00000000e4e00000, 0x00000000e4e00000, 0x00000000e4f00000|  0%| F|  |TAMS 0x00000000e4e00000, 0x00000000e4e00000| Untracked 
|  79|0x00000000e4f00000, 0x00000000e4f00000, 0x00000000e5000000|  0%| F|  |TAMS 0x00000000e4f00000, 0x00000000e4f00000| Untracked 
|  80|0x00000000e5000000, 0x00000000e5000000, 0x00000000e5100000|  0%| F|  |TAMS 0x00000000e5000000, 0x00000000e5000000| Untracked 
|  81|0x00000000e5100000, 0x00000000e5100000, 0x00000000e5200000|  0%| F|  |TAMS 0x00000000e5100000, 0x00000000e5100000| Untracked 
|  82|0x00000000e5200000, 0x00000000e5200000, 0x00000000e5300000|  0%| F|  |TAMS 0x00000000e5200000, 0x00000000e5200000| Untracked 
|  83|0x00000000e5300000, 0x00000000e5300000, 0x00000000e5400000|  0%| F|  |TAMS 0x00000000e5300000, 0x00000000e5300000| Untracked 
|  84|0x00000000e5400000, 0x00000000e5400000, 0x00000000e5500000|  0%| F|  |TAMS 0x00000000e5400000, 0x00000000e5400000| Untracked 
|  85|0x00000000e5500000, 0x00000000e5500000, 0x00000000e5600000|  0%| F|  |TAMS 0x00000000e5500000, 0x00000000e5500000| Untracked 
|  86|0x00000000e5600000, 0x00000000e5600000, 0x00000000e5700000|  0%| F|  |TAMS 0x00000000e5600000, 0x00000000e5600000| Untracked 
|  87|0x00000000e5700000, 0x00000000e5700000, 0x00000000e5800000|  0%| F|  |TAMS 0x00000000e5700000, 0x00000000e5700000| Untracked 
|  88|0x00000000e5800000, 0x00000000e5800000, 0x00000000e5900000|  0%| F|  |TAMS 0x00000000e5800000, 0x00000000e5800000| Untracked 
|  89|0x00000000e5900000, 0x00000000e5900000, 0x00000000e5a00000|  0%| F|  |TAMS 0x00000000e5900000, 0x00000000e5900000| Untracked 
|  90|0x00000000e5a00000, 0x00000000e5a00000, 0x00000000e5b00000|  0%| F|  |TAMS 0x00000000e5a00000, 0x00000000e5a00000| Untracked 
|  91|0x00000000e5b00000, 0x00000000e5b00000, 0x00000000e5c00000|  0%| F|  |TAMS 0x00000000e5b00000, 0x00000000e5b00000| Untracked 
|  92|0x00000000e5c00000, 0x00000000e5c00000, 0x00000000e5d00000|  0%| F|  |TAMS 0x00000000e5c00000, 0x00000000e5c00000| Untracked 
|  93|0x00000000e5d00000, 0x00000000e5d00000, 0x00000000e5e00000|  0%| F|  |TAMS 0x00000000e5d00000, 0x00000000e5d00000| Untracked 
|  94|0x00000000e5e00000, 0x00000000e5e00000, 0x00000000e5f00000|  0%| F|  |TAMS 0x00000000e5e00000, 0x00000000e5e00000| Untracked 
|  95|0x00000000e5f00000, 0x00000000e5f00000, 0x00000000e6000000|  0%| F|  |TAMS 0x00000000e5f00000, 0x00000000e5f00000| Untracked 
|  96|0x00000000e6000000, 0x00000000e6000000, 0x00000000e6100000|  0%| F|  |TAMS 0x00000000e6000000, 0x00000000e6000000| Untracked 
|  97|0x00000000e6100000, 0x00000000e6100000, 0x00000000e6200000|  0%| F|  |TAMS 0x00000000e6100000, 0x00000000e6100000| Untracked 
|  98|0x00000000e6200000, 0x00000000e6200000, 0x00000000e6300000|  0%| F|  |TAMS 0x00000000e6200000, 0x00000000e6200000| Untracked 
|  99|0x00000000e6300000, 0x00000000e6300000, 0x00000000e6400000|  0%| F|  |TAMS 0x00000000e6300000, 0x00000000e6300000| Untracked 
| 100|0x00000000e6400000, 0x00000000e6400000, 0x00000000e6500000|  0%| F|  |TAMS 0x00000000e6400000, 0x00000000e6400000| Untracked 
| 101|0x00000000e6500000, 0x00000000e6500000, 0x00000000e6600000|  0%| F|  |TAMS 0x00000000e6500000, 0x00000000e6500000| Untracked 
| 102|0x00000000e6600000, 0x00000000e6600000, 0x00000000e6700000|  0%| F|  |TAMS 0x00000000e6600000, 0x00000000e6600000| Untracked 
| 103|0x00000000e6700000, 0x00000000e6700000, 0x00000000e6800000|  0%| F|  |TAMS 0x00000000e6700000, 0x00000000e6700000| Untracked 
| 104|0x00000000e6800000, 0x00000000e6800000, 0x00000000e6900000|  0%| F|  |TAMS 0x00000000e6800000, 0x00000000e6800000| Untracked 
| 105|0x00000000e6900000, 0x00000000e6900000, 0x00000000e6a00000|  0%| F|  |TAMS 0x00000000e6900000, 0x00000000e6900000| Untracked 
| 106|0x00000000e6a00000, 0x00000000e6a00000, 0x00000000e6b00000|  0%| F|  |TAMS 0x00000000e6a00000, 0x00000000e6a00000| Untracked 
| 107|0x00000000e6b00000, 0x00000000e6b00000, 0x00000000e6c00000|  0%| F|  |TAMS 0x00000000e6b00000, 0x00000000e6b00000| Untracked 
| 108|0x00000000e6c00000, 0x00000000e6c00000, 0x00000000e6d00000|  0%| F|  |TAMS 0x00000000e6c00000, 0x00000000e6c00000| Untracked 
| 109|0x00000000e6d00000, 0x00000000e6d00000, 0x00000000e6e00000|  0%| F|  |TAMS 0x00000000e6d00000, 0x00000000e6d00000| Untracked 
| 110|0x00000000e6e00000, 0x00000000e6e00000, 0x00000000e6f00000|  0%| F|  |TAMS 0x00000000e6e00000, 0x00000000e6e00000| Untracked 
| 111|0x00000000e6f00000, 0x00000000e6f00000, 0x00000000e7000000|  0%| F|  |TAMS 0x00000000e6f00000, 0x00000000e6f00000| Untracked 
| 112|0x00000000e7000000, 0x00000000e7000000, 0x00000000e7100000|  0%| F|  |TAMS 0x00000000e7000000, 0x00000000e7000000| Untracked 
| 113|0x00000000e7100000, 0x00000000e7100000, 0x00000000e7200000|  0%| F|  |TAMS 0x00000000e7100000, 0x00000000e7100000| Untracked 
| 114|0x00000000e7200000, 0x00000000e7200000, 0x00000000e7300000|  0%| F|  |TAMS 0x00000000e7200000, 0x00000000e7200000| Untracked 
| 115|0x00000000e7300000, 0x00000000e7300000, 0x00000000e7400000|  0%| F|  |TAMS 0x00000000e7300000, 0x00000000e7300000| Untracked 
| 116|0x00000000e7400000, 0x00000000e7400000, 0x00000000e7500000|  0%| F|  |TAMS 0x00000000e7400000, 0x00000000e7400000| Untracked 
| 117|0x00000000e7500000, 0x00000000e7500000, 0x00000000e7600000|  0%| F|  |TAMS 0x00000000e7500000, 0x00000000e7500000| Untracked 
| 118|0x00000000e7600000, 0x00000000e7600000, 0x00000000e7700000|  0%| F|  |TAMS 0x00000000e7600000, 0x00000000e7600000| Untracked 
| 119|0x00000000e7700000, 0x00000000e7700000, 0x00000000e7800000|  0%| F|  |TAMS 0x00000000e7700000, 0x00000000e7700000| Untracked 
| 120|0x00000000e7800000, 0x00000000e7800000, 0x00000000e7900000|  0%| F|  |TAMS 0x00000000e7800000, 0x00000000e7800000| Untracked 
| 121|0x00000000e7900000, 0x00000000e7900000, 0x00000000e7a00000|  0%| F|  |TAMS 0x00000000e7900000, 0x00000000e7900000| Untracked 
| 122|0x00000000e7a00000, 0x00000000e7a00000, 0x00000000e7b00000|  0%| F|  |TAMS 0x00000000e7a00000, 0x00000000e7a00000| Untracked 
| 123|0x00000000e7b00000, 0x00000000e7b00000, 0x00000000e7c00000|  0%| F|  |TAMS 0x00000000e7b00000, 0x00000000e7b00000| Untracked 
| 124|0x00000000e7c00000, 0x00000000e7c00000, 0x00000000e7d00000|  0%| F|  |TAMS 0x00000000e7c00000, 0x00000000e7c00000| Untracked 
| 125|0x00000000e7d00000, 0x00000000e7d00000, 0x00000000e7e00000|  0%| F|  |TAMS 0x00000000e7d00000, 0x00000000e7d00000| Untracked 
| 126|0x00000000e7e00000, 0x00000000e7e00000, 0x00000000e7f00000|  0%| F|  |TAMS 0x00000000e7e00000, 0x00000000e7e00000| Untracked 
| 127|0x00000000e7f00000, 0x00000000e7f00000, 0x00000000e8000000|  0%| F|  |TAMS 0x00000000e7f00000, 0x00000000e7f00000| Untracked 
| 128|0x00000000e8000000, 0x00000000e8000000, 0x00000000e8100000|  0%| F|  |TAMS 0x00000000e8000000, 0x00000000e8000000| Untracked 
| 129|0x00000000e8100000, 0x00000000e8100000, 0x00000000e8200000|  0%| F|  |TAMS 0x00000000e8100000, 0x00000000e8100000| Untracked 
| 130|0x00000000e8200000, 0x00000000e8200000, 0x00000000e8300000|  0%| F|  |TAMS 0x00000000e8200000, 0x00000000e8200000| Untracked 
| 131|0x00000000e8300000, 0x00000000e8300000, 0x00000000e8400000|  0%| F|  |TAMS 0x00000000e8300000, 0x00000000e8300000| Untracked 
| 132|0x00000000e8400000, 0x00000000e8400000, 0x00000000e8500000|  0%| F|  |TAMS 0x00000000e8400000, 0x00000000e8400000| Untracked 
| 133|0x00000000e8500000, 0x00000000e8500000, 0x00000000e8600000|  0%| F|  |TAMS 0x00000000e8500000, 0x00000000e8500000| Untracked 
| 134|0x00000000e8600000, 0x00000000e8600000, 0x00000000e8700000|  0%| F|  |TAMS 0x00000000e8600000, 0x00000000e8600000| Untracked 
| 135|0x00000000e8700000, 0x00000000e8700000, 0x00000000e8800000|  0%| F|  |TAMS 0x00000000e8700000, 0x00000000e8700000| Untracked 
| 136|0x00000000e8800000, 0x00000000e8800000, 0x00000000e8900000|  0%| F|  |TAMS 0x00000000e8800000, 0x00000000e8800000| Untracked 
| 137|0x00000000e8900000, 0x00000000e8900000, 0x00000000e8a00000|  0%| F|  |TAMS 0x00000000e8900000, 0x00000000e8900000| Untracked 
| 138|0x00000000e8a00000, 0x00000000e8a00000, 0x00000000e8b00000|  0%| F|  |TAMS 0x00000000e8a00000, 0x00000000e8a00000| Untracked 
| 139|0x00000000e8b00000, 0x00000000e8b00000, 0x00000000e8c00000|  0%| F|  |TAMS 0x00000000e8b00000, 0x00000000e8b00000| Untracked 
| 140|0x00000000e8c00000, 0x00000000e8c00000, 0x00000000e8d00000|  0%| F|  |TAMS 0x00000000e8c00000, 0x00000000e8c00000| Untracked 
| 141|0x00000000e8d00000, 0x00000000e8d00000, 0x00000000e8e00000|  0%| F|  |TAMS 0x00000000e8d00000, 0x00000000e8d00000| Untracked 
| 142|0x00000000e8e00000, 0x00000000e8e00000, 0x00000000e8f00000|  0%| F|  |TAMS 0x00000000e8e00000, 0x00000000e8e00000| Untracked 
| 143|0x00000000e8f00000, 0x00000000e8f00000, 0x00000000e9000000|  0%| F|  |TAMS 0x00000000e8f00000, 0x00000000e8f00000| Untracked 
| 144|0x00000000e9000000, 0x00000000e9000000, 0x00000000e9100000|  0%| F|  |TAMS 0x00000000e9000000, 0x00000000e9000000| Untracked 
| 145|0x00000000e9100000, 0x00000000e9100000, 0x00000000e9200000|  0%| F|  |TAMS 0x00000000e9100000, 0x00000000e9100000| Untracked 
| 146|0x00000000e9200000, 0x00000000e9200000, 0x00000000e9300000|  0%| F|  |TAMS 0x00000000e9200000, 0x00000000e9200000| Untracked 
| 147|0x00000000e9300000, 0x00000000e9300000, 0x00000000e9400000|  0%| F|  |TAMS 0x00000000e9300000, 0x00000000e9300000| Untracked 
| 148|0x00000000e9400000, 0x00000000e9400000, 0x00000000e9500000|  0%| F|  |TAMS 0x00000000e9400000, 0x00000000e9400000| Untracked 
| 149|0x00000000e9500000, 0x00000000e9500000, 0x00000000e9600000|  0%| F|  |TAMS 0x00000000e9500000, 0x00000000e9500000| Untracked 
| 150|0x00000000e9600000, 0x00000000e9600000, 0x00000000e9700000|  0%| F|  |TAMS 0x00000000e9600000, 0x00000000e9600000| Untracked 
| 151|0x00000000e9700000, 0x00000000e9700000, 0x00000000e9800000|  0%| F|  |TAMS 0x00000000e9700000, 0x00000000e9700000| Untracked 
| 152|0x00000000e9800000, 0x00000000e9800000, 0x00000000e9900000|  0%| F|  |TAMS 0x00000000e9800000, 0x00000000e9800000| Untracked 
| 153|0x00000000e9900000, 0x00000000e9900000, 0x00000000e9a00000|  0%| F|  |TAMS 0x00000000e9900000, 0x00000000e9900000| Untracked 
| 154|0x00000000e9a00000, 0x00000000e9a00000, 0x00000000e9b00000|  0%| F|  |TAMS 0x00000000e9a00000, 0x00000000e9a00000| Untracked 
| 155|0x00000000e9b00000, 0x00000000e9b00000, 0x00000000e9c00000|  0%| F|  |TAMS 0x00000000e9b00000, 0x00000000e9b00000| Untracked 
| 156|0x00000000e9c00000, 0x00000000e9c00000, 0x00000000e9d00000|  0%| F|  |TAMS 0x00000000e9c00000, 0x00000000e9c00000| Untracked 
| 157|0x00000000e9d00000, 0x00000000e9d00000, 0x00000000e9e00000|  0%| F|  |TAMS 0x00000000e9d00000, 0x00000000e9d00000| Untracked 
| 158|0x00000000e9e00000, 0x00000000e9e00000, 0x00000000e9f00000|  0%| F|  |TAMS 0x00000000e9e00000, 0x00000000e9e00000| Untracked 
| 159|0x00000000e9f00000, 0x00000000e9f00000, 0x00000000ea000000|  0%| F|  |TAMS 0x00000000e9f00000, 0x00000000e9f00000| Untracked 
| 160|0x00000000ea000000, 0x00000000ea000000, 0x00000000ea100000|  0%| F|  |TAMS 0x00000000ea000000, 0x00000000ea000000| Untracked 
| 161|0x00000000ea100000, 0x00000000ea100000, 0x00000000ea200000|  0%| F|  |TAMS 0x00000000ea100000, 0x00000000ea100000| Untracked 
| 162|0x00000000ea200000, 0x00000000ea200000, 0x00000000ea300000|  0%| F|  |TAMS 0x00000000ea200000, 0x00000000ea200000| Untracked 
| 163|0x00000000ea300000, 0x00000000ea400000, 0x00000000ea400000|100%| E|  |TAMS 0x00000000ea300000, 0x00000000ea300000| Complete 
| 164|0x00000000ea400000, 0x00000000ea500000, 0x00000000ea500000|100%| E|CS|TAMS 0x00000000ea400000, 0x00000000ea400000| Complete 
| 165|0x00000000ea500000, 0x00000000ea600000, 0x00000000ea600000|100%| E|CS|TAMS 0x00000000ea500000, 0x00000000ea500000| Complete 
| 166|0x00000000ea600000, 0x00000000ea700000, 0x00000000ea700000|100%| E|CS|TAMS 0x00000000ea600000, 0x00000000ea600000| Complete 
| 167|0x00000000ea700000, 0x00000000ea800000, 0x00000000ea800000|100%| E|CS|TAMS 0x00000000ea700000, 0x00000000ea700000| Complete 
| 168|0x00000000ea800000, 0x00000000ea900000, 0x00000000ea900000|100%| E|CS|TAMS 0x00000000ea800000, 0x00000000ea800000| Complete 
| 169|0x00000000ea900000, 0x00000000eaa00000, 0x00000000eaa00000|100%| E|CS|TAMS 0x00000000ea900000, 0x00000000ea900000| Complete 
| 170|0x00000000eaa00000, 0x00000000eab00000, 0x00000000eab00000|100%| E|CS|TAMS 0x00000000eaa00000, 0x00000000eaa00000| Complete 
| 171|0x00000000eab00000, 0x00000000eac00000, 0x00000000eac00000|100%| E|CS|TAMS 0x00000000eab00000, 0x00000000eab00000| Complete 
| 172|0x00000000eac00000, 0x00000000ead00000, 0x00000000ead00000|100%| E|CS|TAMS 0x00000000eac00000, 0x00000000eac00000| Complete 
| 173|0x00000000ead00000, 0x00000000eae00000, 0x00000000eae00000|100%| E|CS|TAMS 0x00000000ead00000, 0x00000000ead00000| Complete 
| 174|0x00000000eae00000, 0x00000000eaf00000, 0x00000000eaf00000|100%| E|CS|TAMS 0x00000000eae00000, 0x00000000eae00000| Complete 
| 175|0x00000000eaf00000, 0x00000000eb000000, 0x00000000eb000000|100%| E|CS|TAMS 0x00000000eaf00000, 0x00000000eaf00000| Complete 
| 176|0x00000000eb000000, 0x00000000eb100000, 0x00000000eb100000|100%| E|CS|TAMS 0x00000000eb000000, 0x00000000eb000000| Complete 
| 177|0x00000000eb100000, 0x00000000eb200000, 0x00000000eb200000|100%| E|CS|TAMS 0x00000000eb100000, 0x00000000eb100000| Complete 
| 178|0x00000000eb200000, 0x00000000eb300000, 0x00000000eb300000|100%| E|CS|TAMS 0x00000000eb200000, 0x00000000eb200000| Complete 
| 179|0x00000000eb300000, 0x00000000eb400000, 0x00000000eb400000|100%| E|CS|TAMS 0x00000000eb300000, 0x00000000eb300000| Complete 
| 180|0x00000000eb400000, 0x00000000eb500000, 0x00000000eb500000|100%| E|CS|TAMS 0x00000000eb400000, 0x00000000eb400000| Complete 
| 181|0x00000000eb500000, 0x00000000eb600000, 0x00000000eb600000|100%| E|CS|TAMS 0x00000000eb500000, 0x00000000eb500000| Complete 
| 182|0x00000000eb600000, 0x00000000eb700000, 0x00000000eb700000|100%| E|CS|TAMS 0x00000000eb600000, 0x00000000eb600000| Complete 
| 183|0x00000000eb700000, 0x00000000eb800000, 0x00000000eb800000|100%| E|CS|TAMS 0x00000000eb700000, 0x00000000eb700000| Complete 
| 184|0x00000000eb800000, 0x00000000eb900000, 0x00000000eb900000|100%| E|CS|TAMS 0x00000000eb800000, 0x00000000eb800000| Complete 
| 185|0x00000000eb900000, 0x00000000eba00000, 0x00000000eba00000|100%| E|CS|TAMS 0x00000000eb900000, 0x00000000eb900000| Complete 
| 186|0x00000000eba00000, 0x00000000ebb00000, 0x00000000ebb00000|100%| E|CS|TAMS 0x00000000eba00000, 0x00000000eba00000| Complete 
| 187|0x00000000ebb00000, 0x00000000ebc00000, 0x00000000ebc00000|100%| E|CS|TAMS 0x00000000ebb00000, 0x00000000ebb00000| Complete 
| 188|0x00000000ebc00000, 0x00000000ebd00000, 0x00000000ebd00000|100%| E|CS|TAMS 0x00000000ebc00000, 0x00000000ebc00000| Complete 
| 189|0x00000000ebd00000, 0x00000000ebe00000, 0x00000000ebe00000|100%| E|CS|TAMS 0x00000000ebd00000, 0x00000000ebd00000| Complete 
| 190|0x00000000ebe00000, 0x00000000ebf00000, 0x00000000ebf00000|100%| E|CS|TAMS 0x00000000ebe00000, 0x00000000ebe00000| Complete 
| 191|0x00000000ebf00000, 0x00000000ec000000, 0x00000000ec000000|100%| E|CS|TAMS 0x00000000ebf00000, 0x00000000ebf00000| Complete 
| 192|0x00000000ec000000, 0x00000000ec100000, 0x00000000ec100000|100%| E|CS|TAMS 0x00000000ec000000, 0x00000000ec000000| Complete 
| 193|0x00000000ec100000, 0x00000000ec200000, 0x00000000ec200000|100%| E|CS|TAMS 0x00000000ec100000, 0x00000000ec100000| Complete 
| 194|0x00000000ec200000, 0x00000000ec300000, 0x00000000ec300000|100%| E|CS|TAMS 0x00000000ec200000, 0x00000000ec200000| Complete 
| 195|0x00000000ec300000, 0x00000000ec400000, 0x00000000ec400000|100%| E|CS|TAMS 0x00000000ec300000, 0x00000000ec300000| Complete 
| 196|0x00000000ec400000, 0x00000000ec500000, 0x00000000ec500000|100%| E|CS|TAMS 0x00000000ec400000, 0x00000000ec400000| Complete 
| 197|0x00000000ec500000, 0x00000000ec600000, 0x00000000ec600000|100%| E|CS|TAMS 0x00000000ec500000, 0x00000000ec500000| Complete 
| 198|0x00000000ec600000, 0x00000000ec700000, 0x00000000ec700000|100%| E|CS|TAMS 0x00000000ec600000, 0x00000000ec600000| Complete 
| 199|0x00000000ec700000, 0x00000000ec800000, 0x00000000ec800000|100%| E|CS|TAMS 0x00000000ec700000, 0x00000000ec700000| Complete 
| 200|0x00000000ec800000, 0x00000000ec900000, 0x00000000ec900000|100%| E|CS|TAMS 0x00000000ec800000, 0x00000000ec800000| Complete 
| 201|0x00000000ec900000, 0x00000000eca00000, 0x00000000eca00000|100%| E|CS|TAMS 0x00000000ec900000, 0x00000000ec900000| Complete 
| 202|0x00000000eca00000, 0x00000000ecb00000, 0x00000000ecb00000|100%| E|CS|TAMS 0x00000000eca00000, 0x00000000eca00000| Complete 
| 203|0x00000000ecb00000, 0x00000000ecc00000, 0x00000000ecc00000|100%| E|CS|TAMS 0x00000000ecb00000, 0x00000000ecb00000| Complete 
| 204|0x00000000ecc00000, 0x00000000ecd00000, 0x00000000ecd00000|100%| E|CS|TAMS 0x00000000ecc00000, 0x00000000ecc00000| Complete 
| 205|0x00000000ecd00000, 0x00000000ece00000, 0x00000000ece00000|100%| E|CS|TAMS 0x00000000ecd00000, 0x00000000ecd00000| Complete 
| 206|0x00000000ece00000, 0x00000000ecf00000, 0x00000000ecf00000|100%| E|CS|TAMS 0x00000000ece00000, 0x00000000ece00000| Complete 
| 207|0x00000000ecf00000, 0x00000000ed000000, 0x00000000ed000000|100%| E|CS|TAMS 0x00000000ecf00000, 0x00000000ecf00000| Complete 
| 208|0x00000000ed000000, 0x00000000ed100000, 0x00000000ed100000|100%| E|CS|TAMS 0x00000000ed000000, 0x00000000ed000000| Complete 
| 209|0x00000000ed100000, 0x00000000ed200000, 0x00000000ed200000|100%| E|CS|TAMS 0x00000000ed100000, 0x00000000ed100000| Complete 
| 210|0x00000000ed200000, 0x00000000ed300000, 0x00000000ed300000|100%| E|CS|TAMS 0x00000000ed200000, 0x00000000ed200000| Complete 
| 211|0x00000000ed300000, 0x00000000ed400000, 0x00000000ed400000|100%| E|CS|TAMS 0x00000000ed300000, 0x00000000ed300000| Complete 
| 212|0x00000000ed400000, 0x00000000ed500000, 0x00000000ed500000|100%| E|CS|TAMS 0x00000000ed400000, 0x00000000ed400000| Complete 
| 213|0x00000000ed500000, 0x00000000ed600000, 0x00000000ed600000|100%| E|CS|TAMS 0x00000000ed500000, 0x00000000ed500000| Complete 
| 214|0x00000000ed600000, 0x00000000ed700000, 0x00000000ed700000|100%| E|CS|TAMS 0x00000000ed600000, 0x00000000ed600000| Complete 
| 215|0x00000000ed700000, 0x00000000ed800000, 0x00000000ed800000|100%| E|CS|TAMS 0x00000000ed700000, 0x00000000ed700000| Complete 
| 216|0x00000000ed800000, 0x00000000ed900000, 0x00000000ed900000|100%| E|CS|TAMS 0x00000000ed800000, 0x00000000ed800000| Complete 
| 217|0x00000000ed900000, 0x00000000eda00000, 0x00000000eda00000|100%| E|CS|TAMS 0x00000000ed900000, 0x00000000ed900000| Complete 
| 218|0x00000000eda00000, 0x00000000edb00000, 0x00000000edb00000|100%| E|CS|TAMS 0x00000000eda00000, 0x00000000eda00000| Complete 
| 219|0x00000000edb00000, 0x00000000edc00000, 0x00000000edc00000|100%| E|CS|TAMS 0x00000000edb00000, 0x00000000edb00000| Complete 
| 220|0x00000000edc00000, 0x00000000edd00000, 0x00000000edd00000|100%| E|CS|TAMS 0x00000000edc00000, 0x00000000edc00000| Complete 
| 221|0x00000000edd00000, 0x00000000ede00000, 0x00000000ede00000|100%| E|CS|TAMS 0x00000000edd00000, 0x00000000edd00000| Complete 
| 222|0x00000000ede00000, 0x00000000edf00000, 0x00000000edf00000|100%| E|CS|TAMS 0x00000000ede00000, 0x00000000ede00000| Complete 
| 223|0x00000000edf00000, 0x00000000ee000000, 0x00000000ee000000|100%| E|CS|TAMS 0x00000000edf00000, 0x00000000edf00000| Complete 
| 224|0x00000000ee000000, 0x00000000ee100000, 0x00000000ee100000|100%| E|CS|TAMS 0x00000000ee000000, 0x00000000ee000000| Complete 
| 225|0x00000000ee100000, 0x00000000ee200000, 0x00000000ee200000|100%| E|CS|TAMS 0x00000000ee100000, 0x00000000ee100000| Complete 
| 226|0x00000000ee200000, 0x00000000ee300000, 0x00000000ee300000|100%| E|CS|TAMS 0x00000000ee200000, 0x00000000ee200000| Complete 
| 227|0x00000000ee300000, 0x00000000ee3accd8, 0x00000000ee400000| 67%| S|CS|TAMS 0x00000000ee300000, 0x00000000ee300000| Complete 
| 228|0x00000000ee400000, 0x00000000ee500000, 0x00000000ee500000|100%| E|CS|TAMS 0x00000000ee400000, 0x00000000ee400000| Complete 
| 229|0x00000000ee500000, 0x00000000ee600000, 0x00000000ee600000|100%| E|CS|TAMS 0x00000000ee500000, 0x00000000ee500000| Complete 
| 230|0x00000000ee600000, 0x00000000ee700000, 0x00000000ee700000|100%| E|CS|TAMS 0x00000000ee600000, 0x00000000ee600000| Complete 
| 231|0x00000000ee700000, 0x00000000ee800000, 0x00000000ee800000|100%| E|CS|TAMS 0x00000000ee700000, 0x00000000ee700000| Complete 
| 232|0x00000000ee800000, 0x00000000ee900000, 0x00000000ee900000|100%| E|CS|TAMS 0x00000000ee800000, 0x00000000ee800000| Complete 
| 233|0x00000000ee900000, 0x00000000eea00000, 0x00000000eea00000|100%| E|CS|TAMS 0x00000000ee900000, 0x00000000ee900000| Complete 
| 234|0x00000000eea00000, 0x00000000eeb00000, 0x00000000eeb00000|100%| E|CS|TAMS 0x00000000eea00000, 0x00000000eea00000| Complete 
| 235|0x00000000eeb00000, 0x00000000eec00000, 0x00000000eec00000|100%| E|CS|TAMS 0x00000000eeb00000, 0x00000000eeb00000| Complete 
| 236|0x00000000eec00000, 0x00000000eed00000, 0x00000000eed00000|100%| E|CS|TAMS 0x00000000eec00000, 0x00000000eec00000| Complete 
| 237|0x00000000eed00000, 0x00000000eee00000, 0x00000000eee00000|100%| E|CS|TAMS 0x00000000eed00000, 0x00000000eed00000| Complete 
| 238|0x00000000eee00000, 0x00000000eef00000, 0x00000000eef00000|100%| E|CS|TAMS 0x00000000eee00000, 0x00000000eee00000| Complete 
| 239|0x00000000eef00000, 0x00000000ef000000, 0x00000000ef000000|100%| E|CS|TAMS 0x00000000eef00000, 0x00000000eef00000| Complete 
| 240|0x00000000ef000000, 0x00000000ef100000, 0x00000000ef100000|100%| E|CS|TAMS 0x00000000ef000000, 0x00000000ef000000| Complete 
| 241|0x00000000ef100000, 0x00000000ef200000, 0x00000000ef200000|100%| E|CS|TAMS 0x00000000ef100000, 0x00000000ef100000| Complete 
| 242|0x00000000ef200000, 0x00000000ef300000, 0x00000000ef300000|100%| E|CS|TAMS 0x00000000ef200000, 0x00000000ef200000| Complete 
| 243|0x00000000ef300000, 0x00000000ef400000, 0x00000000ef400000|100%| E|CS|TAMS 0x00000000ef300000, 0x00000000ef300000| Complete 
| 244|0x00000000ef400000, 0x00000000ef500000, 0x00000000ef500000|100%| E|CS|TAMS 0x00000000ef400000, 0x00000000ef400000| Complete 
| 245|0x00000000ef500000, 0x00000000ef600000, 0x00000000ef600000|100%| E|CS|TAMS 0x00000000ef500000, 0x00000000ef500000| Complete 
| 246|0x00000000ef600000, 0x00000000ef700000, 0x00000000ef700000|100%| E|CS|TAMS 0x00000000ef600000, 0x00000000ef600000| Complete 
| 247|0x00000000ef700000, 0x00000000ef800000, 0x00000000ef800000|100%| E|CS|TAMS 0x00000000ef700000, 0x00000000ef700000| Complete 
| 248|0x00000000ef800000, 0x00000000ef900000, 0x00000000ef900000|100%| E|CS|TAMS 0x00000000ef800000, 0x00000000ef800000| Complete 
| 249|0x00000000ef900000, 0x00000000efa00000, 0x00000000efa00000|100%| E|CS|TAMS 0x00000000ef900000, 0x00000000ef900000| Complete 
| 250|0x00000000efa00000, 0x00000000efb00000, 0x00000000efb00000|100%| E|CS|TAMS 0x00000000efa00000, 0x00000000efa00000| Complete 
| 251|0x00000000efb00000, 0x00000000efc00000, 0x00000000efc00000|100%| E|CS|TAMS 0x00000000efb00000, 0x00000000efb00000| Complete 
| 252|0x00000000efc00000, 0x00000000efd00000, 0x00000000efd00000|100%| E|CS|TAMS 0x00000000efc00000, 0x00000000efc00000| Complete 
| 253|0x00000000efd00000, 0x00000000efe00000, 0x00000000efe00000|100%| E|CS|TAMS 0x00000000efd00000, 0x00000000efd00000| Complete 
| 254|0x00000000efe00000, 0x00000000eff00000, 0x00000000eff00000|100%| E|CS|TAMS 0x00000000efe00000, 0x00000000efe00000| Complete 
| 255|0x00000000eff00000, 0x00000000f0000000, 0x00000000f0000000|100%| E|CS|TAMS 0x00000000eff00000, 0x00000000eff00000| Complete 

Card table byte_map: [0x000001c347df0000,0x000001c347ef0000] _byte_map_base: 0x000001c3476f0000

Marking Bits (Prev, Next): (CMBitMap*) 0x000001c331147a20, (CMBitMap*) 0x000001c331147a60
 Prev Bits: [0x000001c347ff0000, 0x000001c3487f0000)
 Next Bits: [0x000001c3487f0000, 0x000001c348ff0000)

Polling page: 0x000001c32f120000

Metaspace:

Usage:
  Non-class:     15.19 MB used.
      Class:      2.61 MB used.
       Both:     17.80 MB used.

Virtual space:
  Non-class space:       64.00 MB reserved,      15.31 MB ( 24%) committed,  1 nodes.
      Class space:      320.00 MB reserved,       2.75 MB ( <1%) committed,  1 nodes.
             Both:      384.00 MB reserved,      18.06 MB (  5%) committed. 

Chunk freelists:
   Non-Class:  384.00 KB
       Class:  13.30 MB
        Both:  13.67 MB

MaxMetaspaceSize: 384.00 MB
CompressedClassSpaceSize: 320.00 MB
Initial GC threshold: 21.00 MB
Current GC threshold: 21.00 MB
CDS: on
MetaspaceReclaimPolicy: balanced
 - commit_granule_bytes: 65536.
 - commit_granule_words: 8192.
 - virtual_space_node_default_size: 8388608.
 - enlarge_chunks_in_place: 1.
 - new_chunks_are_fully_committed: 0.
 - uncommit_free_chunks: 1.
 - use_allocation_guard: 0.
 - handle_deallocations: 1.


Internal statistics:

num_allocs_failed_limit: 0.
num_arena_births: 220.
num_arena_deaths: 0.
num_vsnodes_births: 2.
num_vsnodes_deaths: 0.
num_space_committed: 289.
num_space_uncommitted: 0.
num_chunks_returned_to_freelist: 0.
num_chunks_taken_from_freelist: 836.
num_chunk_merges: 0.
num_chunk_splits: 559.
num_chunks_enlarged: 411.
num_purges: 0.
num_inconsistent_stats: 0.

CodeHeap 'non-profiled nmethods': size=120000Kb used=1328Kb max_used=1328Kb free=118671Kb
 bounds [0x000001c340490000, 0x000001c340700000, 0x000001c3479c0000]
CodeHeap 'profiled nmethods': size=120000Kb used=4789Kb max_used=4789Kb free=115210Kb
 bounds [0x000001c3389c0000, 0x000001c338e70000, 0x000001c33fef0000]
CodeHeap 'non-nmethods': size=5760Kb used=1228Kb max_used=1294Kb free=4531Kb
 bounds [0x000001c33fef0000, 0x000001c340160000, 0x000001c340490000]
 total_blobs=2937 nmethods=2398 adapters=451
 compilation: enabled
              stopped_count=0, restarted_count=0
 full_count=0

Compilation events (20 events):
Event: 3.125 Thread 0x000001c34ba1bd20 2395   !   3       sun.reflect.annotation.AnnotationParser::parseAnnotation2 (271 bytes)
Event: 3.127 Thread 0x000001c34ba1bd20 nmethod 2395 0x000001c338e65390 code [0x000001c338e657a0, 0x000001c338e67468]
Event: 3.127 Thread 0x000001c34ba1bd20 2397       3       sun.reflect.annotation.AnnotationInvocationHandler::invoke (178 bytes)
Event: 3.129 Thread 0x000001c34ba1bd20 nmethod 2397 0x000001c338e67e90 code [0x000001c338e681a0, 0x000001c338e692e8]
Event: 3.129 Thread 0x000001c34ba1bd20 2398       3       org.gradle.internal.service.DefaultServiceRegistry$ParentServices::getService (11 bytes)
Event: 3.129 Thread 0x000001c34ba1bd20 nmethod 2398 0x000001c338e69810 code [0x000001c338e699c0, 0x000001c338e69b88]
Event: 3.129 Thread 0x000001c34ba1bd20 2399       3       org.gradle.internal.service.DefaultServiceRegistry::assertValidServiceType (51 bytes)
Event: 3.129 Thread 0x000001c34ba1bd20 nmethod 2399 0x000001c338e69c90 code [0x000001c338e69ea0, 0x000001c338e6a3f8]
Event: 3.129 Thread 0x000001c34ba1bd20 2396       3       jdk.internal.org.objectweb.asm.Frame::addInitializedType (77 bytes)
Event: 3.130 Thread 0x000001c34ba1bd20 nmethod 2396 0x000001c338e6a610 code [0x000001c338e6a7e0, 0x000001c338e6ad08]
Event: 3.133 Thread 0x000001c34ba1bd20 2400       3       java.net.URLConnection::<init> (62 bytes)
Event: 3.134 Thread 0x000001c34ba1bd20 nmethod 2400 0x000001c338e6ae90 code [0x000001c338e6b0a0, 0x000001c338e6b788]
Event: 3.134 Thread 0x000001c34ba1bd20 2402       3       java.nio.file.Files::provider (10 bytes)
Event: 3.134 Thread 0x000001c34ba1bd20 nmethod 2402 0x000001c338e6b990 code [0x000001c338e6bb40, 0x000001c338e6bd08]
Event: 3.134 Thread 0x000001c34ba1bd20 2401       3       java.net.URLConnection::getDefaultUseCaches (30 bytes)
Event: 3.134 Thread 0x000001c34ba1bd20 nmethod 2401 0x000001c338e6be10 code [0x000001c338e6c000, 0x000001c338e6c4c8]
Event: 3.136 Thread 0x000001c34ba1bd20 2403       3       java.lang.reflect.Method::setMethodAccessor (21 bytes)
Event: 3.136 Thread 0x000001c34ba1bd20 nmethod 2403 0x000001c338e6c690 code [0x000001c338e6c840, 0x000001c338e6cb28]
Event: 3.142 Thread 0x000001c34ba1bd20 2404       3       org.gradle.internal.service.DefaultServiceRegistry::access$1400 (4 bytes)
Event: 3.142 Thread 0x000001c34ba1bd20 nmethod 2404 0x000001c338e6cc10 code [0x000001c338e6cda0, 0x000001c338e6ce98]

GC Heap History (4 events):
Event: 0.682 GC heap before
{Heap before GC invocations=0 (full 0):
 garbage-first heap   total 262144K, used 26624K [0x00000000e0000000, 0x0000000100000000)
  region size 1024K, 23 young (23552K), 0 survivors (0K)
 Metaspace       used 3059K, committed 3200K, reserved 393216K
  class space    used 393K, committed 448K, reserved 327680K
}
Event: 0.686 GC heap after
{Heap after GC invocations=1 (full 0):
 garbage-first heap   total 262144K, used 10642K [0x00000000e0000000, 0x0000000100000000)
  region size 1024K, 3 young (3072K), 3 survivors (3072K)
 Metaspace       used 3059K, committed 3200K, reserved 393216K
  class space    used 393K, committed 448K, reserved 327680K
}
Event: 1.163 GC heap before
{Heap before GC invocations=1 (full 0):
 garbage-first heap   total 262144K, used 36242K [0x00000000e0000000, 0x0000000100000000)
  region size 1024K, 28 young (28672K), 3 survivors (3072K)
 Metaspace       used 3997K, committed 4160K, reserved 393216K
  class space    used 492K, committed 576K, reserved 327680K
}
Event: 1.167 GC heap after
{Heap after GC invocations=2 (full 0):
 garbage-first heap   total 262144K, used 11359K [0x00000000e0000000, 0x0000000100000000)
  region size 1024K, 1 young (1024K), 1 survivors (1024K)
 Metaspace       used 3997K, committed 4160K, reserved 393216K
  class space    used 492K, committed 576K, reserved 327680K
}

Deoptimization events (20 events):
Event: 2.329 Thread 0x000001c366ecd3e0 Uncommon trap: trap_request=0xffffff45 fr.pc=0x000001c340589d78 relative=0x0000000000000258
Event: 2.329 Thread 0x000001c366ecd3e0 Uncommon trap: reason=unstable_if action=reinterpret pc=0x000001c340589d78 method=java.util.concurrent.ConcurrentHashMap.get(Ljava/lang/Object;)Ljava/lang/Object; @ 76 c2
Event: 2.329 Thread 0x000001c366ecd3e0 DEOPT PACKING pc=0x000001c340589d78 sp=0x0000003b705fb760
Event: 2.329 Thread 0x000001c366ecd3e0 DEOPT UNPACKING pc=0x000001c33ff423a3 sp=0x0000003b705fb6d8 mode 2
Event: 2.510 Thread 0x000001c366ecd3e0 Uncommon trap: trap_request=0xffffff45 fr.pc=0x000001c34059a644 relative=0x00000000000001a4
Event: 2.510 Thread 0x000001c366ecd3e0 Uncommon trap: reason=unstable_if action=reinterpret pc=0x000001c34059a644 method=java.util.WeakHashMap.expungeStaleEntries()V @ 9 c2
Event: 2.510 Thread 0x000001c366ecd3e0 DEOPT PACKING pc=0x000001c34059a644 sp=0x0000003b705fb950
Event: 2.510 Thread 0x000001c366ecd3e0 DEOPT UNPACKING pc=0x000001c33ff423a3 sp=0x0000003b705fb8e8 mode 2
Event: 2.604 Thread 0x000001c366ecd3e0 Uncommon trap: trap_request=0xffffff45 fr.pc=0x000001c3404b3268 relative=0x0000000000000ae8
Event: 2.604 Thread 0x000001c366ecd3e0 Uncommon trap: reason=unstable_if action=reinterpret pc=0x000001c3404b3268 method=java.io.WinNTFileSystem.resolve(Ljava/lang/String;Ljava/lang/String;)Ljava/lang/String; @ 19 c2
Event: 2.604 Thread 0x000001c366ecd3e0 DEOPT PACKING pc=0x000001c3404b3268 sp=0x0000003b705fcd20
Event: 2.604 Thread 0x000001c366ecd3e0 DEOPT UNPACKING pc=0x000001c33ff423a3 sp=0x0000003b705fccc8 mode 2
Event: 2.605 Thread 0x000001c366ecd3e0 Uncommon trap: trap_request=0xffffff45 fr.pc=0x000001c34050e528 relative=0x0000000000000608
Event: 2.605 Thread 0x000001c366ecd3e0 Uncommon trap: reason=unstable_if action=reinterpret pc=0x000001c34050e528 method=java.io.File.getName()Ljava/lang/String; @ 16 c2
Event: 2.605 Thread 0x000001c366ecd3e0 DEOPT PACKING pc=0x000001c34050e528 sp=0x0000003b705fccc0
Event: 2.606 Thread 0x000001c366ecd3e0 DEOPT UNPACKING pc=0x000001c33ff423a3 sp=0x0000003b705fcc90 mode 2
Event: 3.055 Thread 0x000001c366ecd3e0 Uncommon trap: trap_request=0xffffff45 fr.pc=0x000001c3405b5acc relative=0x000000000000030c
Event: 3.055 Thread 0x000001c366ecd3e0 Uncommon trap: reason=unstable_if action=reinterpret pc=0x000001c3405b5acc method=java.util.HashMap.getNode(Ljava/lang/Object;)Ljava/util/HashMap$Node; @ 131 c2
Event: 3.055 Thread 0x000001c366ecd3e0 DEOPT PACKING pc=0x000001c3405b5acc sp=0x0000003b705facb0
Event: 3.055 Thread 0x000001c366ecd3e0 DEOPT UNPACKING pc=0x000001c33ff423a3 sp=0x0000003b705fabd0 mode 2

Classes unloaded (0 events):
No events

Classes redefined (0 events):
No events

Internal exceptions (20 events):
Event: 2.381 Thread 0x000001c366ecd3e0 Exception <a 'java/lang/NoSuchMethodError'{0x00000000ece16ea8}: 'void java.lang.invoke.DirectMethodHandle$Holder.invokeStaticInit(java.lang.Object, java.lang.Object)'> (0x00000000ece16ea8) 
thrown [s\open\src\hotspot\share\interpreter\linkResolver.cpp, line 759]
Event: 2.405 Thread 0x000001c366ecd3e0 Exception <a 'java/lang/NoSuchMethodError'{0x00000000ecd207b0}: 'java.lang.Object java.lang.invoke.DirectMethodHandle$Holder.newInvokeSpecial(java.lang.Object, java.lang.Object, java.lang.Object, int, java.lang.Object, java.lang.Object)'> (0x00000000ecd207b0) 
thrown [s\open\src\hotspot\share\interpreter\linkResolver.cpp, line 759]
Event: 2.439 Thread 0x000001c366ecd3e0 Exception <a 'java/lang/NoSuchMethodError'{0x00000000ecce1458}: 'void java.lang.invoke.DelegatingMethodHandle$Holder.reinvoke_L(java.lang.Object, java.lang.Object, java.lang.Object, java.lang.Object, java.lang.Object, java.lang.Object, java.lang.Object, java.lang.Object, java.lang.Object, java.lang.Object)'> (0x00000000ecce1458) 
thrown [s\open\src\hotspot\share\interpreter\linkResolver.cpp, line 759]
Event: 2.440 Thread 0x000001c366ecd3e0 Exception <a 'java/lang/NoSuchMethodError'{0x00000000ecce98c8}: 'java.lang.Object java.lang.invoke.DirectMethodHandle$Holder.invokeSpecial(java.lang.Object, java.lang.Object, java.lang.Object, java.lang.Object, java.lang.Object, java.lang.Object, java.lang.Object, java.lang.Object, java.lang.Object, java.lang.Object)'> (0x00000000ecce98c8) 
thrown [s\open\src\hotspot\share\interpreter\linkResolver.cpp, line 759]
Event: 2.440 Thread 0x000001c366ecd3e0 Exception <a 'java/lang/NoSuchMethodError'{0x00000000eccee198}: 'java.lang.Object java.lang.invoke.Invokers$Holder.invoker(java.lang.Object, java.lang.Object, java.lang.Object, java.lang.Object, java.lang.Object, java.lang.Object, java.lang.Object, java.lang.Object, java.lang.Object, java.lang.Object)'> (0x00000000eccee198) 
thrown [s\open\src\hotspot\share\interpreter\linkResolver.cpp, line 759]
Event: 2.440 Thread 0x000001c366ecd3e0 Exception <a 'java/lang/NoSuchMethodError'{0x00000000eccf3d20}: 'java.lang.Object java.lang.invoke.DirectMethodHandle$Holder.invokeSpecial(java.lang.Object, java.lang.Object, java.lang.Object, java.lang.Object, java.lang.Object, java.lang.Object, java.lang.Object, java.lang.Object, java.lang.Object, java.lang.Object, java.lang.Object)'> (0x00000000eccf3d20) 
thrown [s\open\src\hotspot\share\interpreter\linkResolver.cpp, line 759]
Event: 2.528 Thread 0x000001c366ecd3e0 Exception <a 'java/lang/NoSuchMethodError'{0x00000000ec6cdc98}: 'void java.lang.invoke.DirectMethodHandle$Holder.invokeStaticInit(java.lang.Object)'> (0x00000000ec6cdc98) 
thrown [s\open\src\hotspot\share\interpreter\linkResolver.cpp, line 759]
Event: 2.541 Thread 0x000001c366ecd3e0 Exception <a 'java/lang/NoSuchMethodError'{0x00000000ec57e238}: 'java.lang.Object java.lang.invoke.DirectMethodHandle$Holder.newInvokeSpecial(java.lang.Object, java.lang.Object, java.lang.Object, int)'> (0x00000000ec57e238) 
thrown [s\open\src\hotspot\share\interpreter\linkResolver.cpp, line 759]
Event: 2.541 Thread 0x000001c366ecd3e0 Exception <a 'java/lang/NoSuchMethodError'{0x00000000ec402b10}: 'java.lang.Object java.lang.invoke.DirectMethodHandle$Holder.invokeSpecial(java.lang.Object, java.lang.Object, java.lang.Object, java.lang.Object, int)'> (0x00000000ec402b10) 
thrown [s\open\src\hotspot\share\interpreter\linkResolver.cpp, line 759]
Event: 2.541 Thread 0x000001c366ecd3e0 Exception <a 'java/lang/NoSuchMethodError'{0x00000000ec406c28}: 'java.lang.Object java.lang.invoke.Invokers$Holder.linkToTargetMethod(java.lang.Object, java.lang.Object, int, java.lang.Object)'> (0x00000000ec406c28) 
thrown [s\open\src\hotspot\share\interpreter\linkResolver.cpp, line 759]
Event: 2.833 Thread 0x000001c366ecd3e0 Exception <a 'java/lang/NoSuchMethodError'{0x00000000eb5ef4a0}: 'int java.lang.invoke.DirectMethodHandle$Holder.invokeSpecialIFC(java.lang.Object, java.lang.Object, java.lang.Object, java.lang.Object)'> (0x00000000eb5ef4a0) 
thrown [s\open\src\hotspot\share\interpreter\linkResolver.cpp, line 759]
Event: 2.836 Thread 0x000001c366ecd3e0 Exception <a 'java/lang/NoSuchMethodError'{0x00000000eb5fe720}: 'java.lang.Object java.lang.invoke.DirectMethodHandle$Holder.invokeInterface(java.lang.Object, java.lang.Object, java.lang.Object)'> (0x00000000eb5fe720) 
thrown [s\open\src\hotspot\share\interpreter\linkResolver.cpp, line 759]
Event: 2.837 Thread 0x000001c366ecd3e0 Exception <a 'java/lang/IncompatibleClassChangeError'{0x00000000eb402ad8}: Found class java.lang.Object, but interface was expected> (0x00000000eb402ad8) 
thrown [s\open\src\hotspot\share\interpreter\linkResolver.cpp, line 826]
Event: 2.890 Thread 0x000001c366ecd3e0 Exception <a 'java/lang/NoSuchMethodError'{0x00000000eb2393e8}: 'int java.lang.invoke.DirectMethodHandle$Holder.invokeStatic(java.lang.Object, java.lang.Object, java.lang.Object, java.lang.Object)'> (0x00000000eb2393e8) 
thrown [s\open\src\hotspot\share\interpreter\linkResolver.cpp, line 759]
Event: 2.890 Thread 0x000001c366ecd3e0 Exception <a 'java/lang/NoSuchMethodError'{0x00000000eb23d010}: 'java.lang.Object java.lang.invoke.Invokers$Holder.invokeExact_MT(java.lang.Object, java.lang.Object, java.lang.Object, java.lang.Object, java.lang.Object, java.lang.Object)'> (0x00000000eb23d010) 
thrown [s\open\src\hotspot\share\interpreter\linkResolver.cpp, line 759]
Event: 2.960 Thread 0x000001c366ecd3e0 Exception <a 'java/lang/NoSuchMethodError'{0x00000000eae17800}: 'java.lang.Object java.lang.invoke.DirectMethodHandle$Holder.invokeSpecial(java.lang.Object, java.lang.Object, java.lang.Object, java.lang.Object, java.lang.Object, java.lang.Object, java.lang.Object, java.lang.Object, java.lang.Object)'> (0x00000000eae17800) 
thrown [s\open\src\hotspot\share\interpreter\linkResolver.cpp, line 759]
Event: 3.041 Thread 0x000001c366ecd3e0 Exception <a 'java/lang/NoSuchMethodError'{0x00000000ea96e500}: 'java.lang.Object java.lang.invoke.DirectMethodHandle$Holder.invokeVirtual(java.lang.Object, java.lang.Object, java.lang.Object, java.lang.Object)'> (0x00000000ea96e500) 
thrown [s\open\src\hotspot\share\interpreter\linkResolver.cpp, line 759]
Event: 3.066 Thread 0x000001c366ecd3e0 Exception <a 'java/lang/NoSuchMethodError'{0x00000000ea8b57b8}: 'java.lang.Object java.lang.invoke.DirectMethodHandle$Holder.newInvokeSpecial(java.lang.Object, java.lang.Object, java.lang.Object, java.lang.Object, java.lang.Object, java.lang.Object, java.lang.Object)'> (0x00000000ea8b57b8) 
thrown [s\open\src\hotspot\share\interpreter\linkResolver.cpp, line 759]
Event: 3.067 Thread 0x000001c366ecd3e0 Exception <a 'java/lang/NoSuchMethodError'{0x00000000ea8ba488}: 'java.lang.Object java.lang.invoke.Invokers$Holder.linkToTargetMethod(java.lang.Object, java.lang.Object, java.lang.Object, java.lang.Object, java.lang.Object, java.lang.Object, java.lang.Object)'> (0x00000000ea8ba488) 
thrown [s\open\src\hotspot\share\interpreter\linkResolver.cpp, line 759]
Event: 3.091 Thread 0x000001c366ecd3e0 Exception <a 'java/lang/NoSuchMethodError'{0x00000000ea60e428}: 'java.lang.Object java.lang.invoke.DirectMethodHandle$Holder.invokeVirtual(java.lang.Object, java.lang.Object, java.lang.Object, java.lang.Object, java.lang.Object, java.lang.Object, java.lang.Object, java.lang.Object, java.lang.Object, java.lang.Object, java.lang.Object, java.lang.Object, java.lang.Object, java.lang.Object, java.lang.Object, java.lang.Object, java.lang.Object, java.lang.Object, java.lang.Object, java.lang.Object, java.lang.Ob

VM Operations (20 events):
Event: 1.658 Executing VM operation: HandshakeAllThreads
Event: 1.658 Executing VM operation: HandshakeAllThreads done
Event: 1.815 Executing VM operation: HandshakeAllThreads
Event: 1.815 Executing VM operation: HandshakeAllThreads done
Event: 2.036 Executing VM operation: HandshakeAllThreads
Event: 2.036 Executing VM operation: HandshakeAllThreads done
Event: 2.088 Executing VM operation: HandshakeAllThreads
Event: 2.088 Executing VM operation: HandshakeAllThreads done
Event: 2.268 Executing VM operation: ICBufferFull
Event: 2.268 Executing VM operation: ICBufferFull done
Event: 2.416 Executing VM operation: HandshakeAllThreads
Event: 2.416 Executing VM operation: HandshakeAllThreads done
Event: 2.609 Executing VM operation: HandshakeAllThreads
Event: 2.609 Executing VM operation: HandshakeAllThreads done
Event: 2.609 Executing VM operation: HandshakeAllThreads
Event: 2.610 Executing VM operation: HandshakeAllThreads done
Event: 2.632 Executing VM operation: HandshakeAllThreads
Event: 2.632 Executing VM operation: HandshakeAllThreads done
Event: 2.633 Executing VM operation: HandshakeAllThreads
Event: 2.633 Executing VM operation: HandshakeAllThreads done

Events (20 events):
Event: 2.872 loading class java/io/ObjectOutput
Event: 2.872 loading class java/io/ObjectOutput done
Event: 2.872 loading class java/io/ObjectStreamConstants
Event: 2.872 loading class java/io/ObjectStreamConstants done
Event: 2.872 loading class java/io/ObjectOutputStream done
Event: 2.873 loading class java/io/ObjectInputStream
Event: 2.873 loading class java/io/ObjectInput
Event: 2.874 loading class java/io/ObjectInput done
Event: 2.874 loading class java/io/ObjectInputStream done
Event: 3.013 loading class javax/xml/parsers/ParserConfigurationException
Event: 3.013 loading class javax/xml/parsers/ParserConfigurationException done
Event: 3.013 loading class org/xml/sax/SAXException
Event: 3.013 loading class org/xml/sax/SAXException done
Event: 3.013 loading class javax/xml/xpath/XPathExpressionException
Event: 3.013 loading class javax/xml/xpath/XPathException
Event: 3.013 loading class javax/xml/xpath/XPathException done
Event: 3.013 loading class javax/xml/xpath/XPathExpressionException done
Event: 3.013 loading class org/xml/sax/ErrorHandler
Event: 3.014 loading class org/xml/sax/ErrorHandler done
Event: 3.077 Thread 0x000001c367b7e680 Thread added: 0x000001c367b7e680


Dynamic libraries:
0x00007ff7d7910000 - 0x00007ff7d7920000 	C:\Program Files\Java\jdk-17\bin\java.exe
0x00007ffc3bd10000 - 0x00007ffc3bf08000 	C:\WINDOWS\SYSTEM32\ntdll.dll
0x00007ffc3b6a0000 - 0x00007ffc3b762000 	C:\WINDOWS\System32\KERNEL32.DLL
0x00007ffc39600000 - 0x00007ffc398f6000 	C:\WINDOWS\System32\KERNELBASE.dll
0x00007ffc393a0000 - 0x00007ffc394a0000 	C:\WINDOWS\System32\ucrtbase.dll
0x00007ffc1c4f0000 - 0x00007ffc1c509000 	C:\Program Files\Java\jdk-17\bin\jli.dll
0x00007ffc1c4d0000 - 0x00007ffc1c4eb000 	C:\Program Files\Java\jdk-17\bin\VCRUNTIME140.dll
0x00007ffc3ac90000 - 0x00007ffc3ad41000 	C:\WINDOWS\System32\ADVAPI32.dll
0x00007ffc3a230000 - 0x00007ffc3a2ce000 	C:\WINDOWS\System32\msvcrt.dll
0x00007ffc3a810000 - 0x00007ffc3a8af000 	C:\WINDOWS\System32\sechost.dll
0x00007ffc3a3b0000 - 0x00007ffc3a4d0000 	C:\WINDOWS\System32\RPCRT4.dll
0x00007ffc39990000 - 0x00007ffc399b7000 	C:\WINDOWS\System32\bcrypt.dll
0x00007ffc3aae0000 - 0x00007ffc3ac81000 	C:\WINDOWS\System32\USER32.dll
0x00007ffc39550000 - 0x00007ffc39572000 	C:\WINDOWS\System32\win32u.dll
0x00007ffc20e60000 - 0x00007ffc210fb000 	C:\WINDOWS\WinSxS\amd64_microsoft.windows.common-controls_6595b64144ccf1df_6.0.19041.6456_none_60b8a6cb71f64256\COMCTL32.dll
0x00007ffc3b770000 - 0x00007ffc3b79b000 	C:\WINDOWS\System32\GDI32.dll
0x00007ffc39c10000 - 0x00007ffc39d29000 	C:\WINDOWS\System32\gdi32full.dll
0x00007ffc39a10000 - 0x00007ffc39aad000 	C:\WINDOWS\System32\msvcp_win.dll
0x00007ffc2fe10000 - 0x00007ffc2fe1a000 	C:\WINDOWS\SYSTEM32\VERSION.dll
0x00007ffc3ae20000 - 0x00007ffc3ae4f000 	C:\WINDOWS\System32\IMM32.DLL
0x00007ffc1cc90000 - 0x00007ffc1cc9c000 	C:\Program Files\Java\jdk-17\bin\vcruntime140_1.dll
0x00007ffc00e90000 - 0x00007ffc00f1e000 	C:\Program Files\Java\jdk-17\bin\msvcp140.dll
0x00007ffbe5020000 - 0x00007ffbe5bfe000 	C:\Program Files\Java\jdk-17\bin\server\jvm.dll
0x00007ffc3b690000 - 0x00007ffc3b698000 	C:\WINDOWS\System32\PSAPI.DLL
0x00007ffc21380000 - 0x00007ffc213a7000 	C:\WINDOWS\SYSTEM32\WINMM.dll
0x00007ffc21c70000 - 0x00007ffc21c79000 	C:\WINDOWS\SYSTEM32\WSOCK32.dll
0x00007ffc3a8b0000 - 0x00007ffc3a91b000 	C:\WINDOWS\System32\WS2_32.dll
0x00007ffc37990000 - 0x00007ffc379a2000 	C:\WINDOWS\SYSTEM32\kernel.appcore.dll
0x00007ffc1cb50000 - 0x00007ffc1cb5a000 	C:\Program Files\Java\jdk-17\bin\jimage.dll
0x00007ffc36d80000 - 0x00007ffc36f81000 	C:\WINDOWS\SYSTEM32\DBGHELP.DLL
0x00007ffbfb0b0000 - 0x00007ffbfb0e4000 	C:\WINDOWS\SYSTEM32\dbgcore.DLL
0x00007ffc39900000 - 0x00007ffc39982000 	C:\WINDOWS\System32\bcryptPrimitives.dll
0x00007ffc32700000 - 0x00007ffc3270e000 	C:\Program Files\Java\jdk-17\bin\instrument.dll
0x00007ffc042a0000 - 0x00007ffc042c5000 	C:\Program Files\Java\jdk-17\bin\java.dll
0x00007ffbe88e0000 - 0x00007ffbe89b7000 	C:\Program Files\Java\jdk-17\bin\jsvml.dll
0x00007ffc3aeb0000 - 0x00007ffc3b620000 	C:\WINDOWS\System32\SHELL32.dll
0x00007ffc371d0000 - 0x00007ffc37975000 	C:\WINDOWS\SYSTEM32\windows.storage.dll
0x00007ffc3b850000 - 0x00007ffc3bba4000 	C:\WINDOWS\System32\combase.dll
0x00007ffc38c10000 - 0x00007ffc38c3b000 	C:\WINDOWS\SYSTEM32\Wldp.dll
0x00007ffc3ad50000 - 0x00007ffc3ae1d000 	C:\WINDOWS\System32\OLEAUT32.dll
0x00007ffc3b7a0000 - 0x00007ffc3b84d000 	C:\WINDOWS\System32\SHCORE.dll
0x00007ffc3ae50000 - 0x00007ffc3aeab000 	C:\WINDOWS\System32\shlwapi.dll
0x00007ffc392d0000 - 0x00007ffc392f4000 	C:\WINDOWS\SYSTEM32\profapi.dll
0x00007ffbf9d40000 - 0x00007ffbf9d58000 	C:\Program Files\Java\jdk-17\bin\zip.dll
0x00007ffc02e50000 - 0x00007ffc02e69000 	C:\Program Files\Java\jdk-17\bin\net.dll
0x00007ffc2dd30000 - 0x00007ffc2de3a000 	C:\WINDOWS\SYSTEM32\WINHTTP.dll
0x00007ffc389f0000 - 0x00007ffc38a5a000 	C:\WINDOWS\system32\mswsock.dll
0x00007ffc02d10000 - 0x00007ffc02d26000 	C:\Program Files\Java\jdk-17\bin\nio.dll
0x00007ffc1c4a0000 - 0x00007ffc1c4b0000 	C:\Program Files\Java\jdk-17\bin\verify.dll
0x00007ffc202f0000 - 0x00007ffc20317000 	C:\Users\akm.faisal\.gradle\native\c067742578af261105cb4f569cf0c3c89f3d7b1fecec35dd04571415982c5e48\windows-amd64\native-platform.dll
0x00007ffbf3940000 - 0x00007ffbf3a84000 	C:\Users\akm.faisal\.gradle\native\38dada09dfb8b06ba9b0570ebf7e218e3eb74d4ef43ca46872605cf95ebc2f47\windows-amd64\native-platform-file-events.dll
0x00007ffc1fca0000 - 0x00007ffc1fcaa000 	C:\Program Files\Java\jdk-17\bin\management.dll
0x00007ffc1c820000 - 0x00007ffc1c82b000 	C:\Program Files\Java\jdk-17\bin\management_ext.dll
0x00007ffc38f60000 - 0x00007ffc38f78000 	C:\WINDOWS\SYSTEM32\CRYPTSP.dll
0x00007ffc38330000 - 0x00007ffc38368000 	C:\WINDOWS\system32\rsaenh.dll
0x00007ffc39290000 - 0x00007ffc392be000 	C:\WINDOWS\SYSTEM32\USERENV.dll
0x00007ffc38b80000 - 0x00007ffc38b8c000 	C:\WINDOWS\SYSTEM32\CRYPTBASE.dll
0x00007ffc386f0000 - 0x00007ffc3872b000 	C:\WINDOWS\SYSTEM32\IPHLPAPI.DLL
0x00007ffc3a9a0000 - 0x00007ffc3a9a8000 	C:\WINDOWS\System32\NSI.dll
0x00007ffc31670000 - 0x00007ffc31687000 	C:\WINDOWS\SYSTEM32\dhcpcsvc6.DLL
0x00007ffc31300000 - 0x00007ffc3131d000 	C:\WINDOWS\SYSTEM32\dhcpcsvc.DLL
0x00007ffc38730000 - 0x00007ffc387fa000 	C:\WINDOWS\SYSTEM32\DNSAPI.dll
0x00007ffc1c810000 - 0x00007ffc1c81e000 	C:\Program Files\Java\jdk-17\bin\sunmscapi.dll
0x00007ffc39ab0000 - 0x00007ffc39c0d000 	C:\WINDOWS\System32\CRYPT32.dll
0x00007ffc38c80000 - 0x00007ffc38ca7000 	C:\WINDOWS\SYSTEM32\ncrypt.dll
0x00007ffc38c40000 - 0x00007ffc38c7b000 	C:\WINDOWS\SYSTEM32\NTASN1.dll
0x00007ffc03310000 - 0x00007ffc03317000 	C:\WINDOWS\system32\wshunix.dll

dbghelp: loaded successfully - version: 4.0.5 - missing functions: none
symbol engine: initialized successfully - sym options: 0x614 - pdb path: .;C:\Program Files\Java\jdk-17\bin;C:\WINDOWS\SYSTEM32;C:\WINDOWS\WinSxS\amd64_microsoft.windows.common-controls_6595b64144ccf1df_6.0.19041.6456_none_60b8a6cb71f64256;C:\Program Files\Java\jdk-17\bin\server;C:\Users\akm.faisal\.gradle\native\c067742578af261105cb4f569cf0c3c89f3d7b1fecec35dd04571415982c5e48\windows-amd64;C:\Users\akm.faisal\.gradle\native\38dada09dfb8b06ba9b0570ebf7e218e3eb74d4ef43ca46872605cf95ebc2f47\windows-amd64

VM Arguments:
jvm_args: --add-opens=java.base/java.util=ALL-UNNAMED --add-opens=java.base/java.lang=ALL-UNNAMED --add-opens=java.base/java.lang.invoke=ALL-UNNAMED --add-opens=java.prefs/java.util.prefs=ALL-UNNAMED --add-opens=java.base/java.nio.charset=ALL-UNNAMED --add-opens=java.base/java.net=ALL-UNNAMED --add-opens=java.base/java.util.concurrent.atomic=ALL-UNNAMED -XX:MaxMetaspaceSize=384m -XX:+HeapDumpOnOutOfMemoryError -Xms256m -Xmx512m -Dfile.encoding=windows-1252 -Duser.country=US -Duser.language=en -Duser.variant -javaagent:C:\Users\akm.faisal\.gradle\wrapper\dists\gradle-8.4-bin\1w5dpkrfk8irigvoxmyhowfim\gradle-8.4\lib\agents\gradle-instrumentation-agent-8.4.jar 
java_command: org.gradle.launcher.daemon.bootstrap.GradleDaemon 8.4
java_class_path (initial): C:\Users\akm.faisal\.gradle\wrapper\dists\gradle-8.4-bin\1w5dpkrfk8irigvoxmyhowfim\gradle-8.4\lib\gradle-launcher-8.4.jar
Launcher Type: SUN_STANDARD

[Global flags]
     intx CICompilerCount                          = 4                                         {product} {ergonomic}
   size_t CompressedClassSpaceSize                 = 335544320                                 {product} {ergonomic}
     uint ConcGCThreads                            = 2                                         {product} {ergonomic}
     uint G1ConcRefinementThreads                  = 8                                         {product} {ergonomic}
   size_t G1HeapRegionSize                         = 1048576                                   {product} {ergonomic}
    uintx GCDrainStackTargetSize                   = 64                                        {product} {ergonomic}
     bool HeapDumpOnOutOfMemoryError               = true                                   {manageable} {command line}
   size_t InitialHeapSize                          = 268435456                                 {product} {command line}
   size_t MarkStackSize                            = 4194304                                   {product} {ergonomic}
   size_t MaxHeapSize                              = 536870912                                 {product} {command line}
   size_t MaxMetaspaceSize                         = 402653184                                 {product} {command line}
   size_t MaxNewSize                               = 321912832                                 {product} {ergonomic}
   size_t MinHeapDeltaBytes                        = 1048576                                   {product} {ergonomic}
   size_t MinHeapSize                              = 268435456                                 {product} {command line}
    uintx NonNMethodCodeHeapSize                   = 5839372                                {pd product} {ergonomic}
    uintx NonProfiledCodeHeapSize                  = 122909434                              {pd product} {ergonomic}
    uintx ProfiledCodeHeapSize                     = 122909434                              {pd product} {ergonomic}
    uintx ReservedCodeCacheSize                    = 251658240                              {pd product} {ergonomic}
     bool SegmentedCodeCache                       = true                                      {product} {ergonomic}
   size_t SoftMaxHeapSize                          = 536870912                              {manageable} {ergonomic}
     bool UseCompressedClassPointers               = true                           {product lp64_product} {ergonomic}
     bool UseCompressedOops                        = true                           {product lp64_product} {ergonomic}
     bool UseG1GC                                  = true                                      {product} {ergonomic}
     bool UseLargePagesIndividualAllocation        = false                                  {pd product} {ergonomic}

Logging:
Log output configuration:
 #0: stdout all=warning uptime,level,tags
 #1: stderr all=off uptime,level,tags

Environment Variables:
JAVA_HOME=C:\Program Files\Java\jdk-17
PATH=C:\Program Files\Common Files\Oracle\Java\javapath;C:\Program Files (x86)\Common Files\Oracle\Java\javapath;C:\WINDOWS\system32;C:\WINDOWS;C:\WINDOWS\System32\Wbem;C:\WINDOWS\System32\WindowsPowerShell\v1.0\;C:\Program Files\dotnet\;C:\Program Files\Microsoft SQL Server\130\Tools\Binn\;C:\Program Files\Microsoft SQL Server\Client SDK\ODBC\170\Tools\Binn\;C:\Program Files (x86)\Microsoft SQL Server\150\DTS\Binn\;C:\Program Files\Microsoft SQL Server\Client SDK\ODBC\130\Tools\Binn\;C:\Program Files (x86)\Microsoft SQL Server\140\Tools\Binn\;C:\Program Files\Microsoft SQL Server\140\Tools\Binn\;C:\Program Files\Microsoft SQL Server\140\DTS\Binn\;C:\WINDOWS\System32\OpenSSH\;C:\Program Files\PuTTY\;C:\Program Files\Git\cmd;C:\maven\apache-maven-3.9.4\bin;C:\Program Files\Java\jdk-17\bin;C:\Users\akm.faisal\Downloads\apache-jmeter-5.6.3\bin;C:\Program Files\Java\gradle-8.5\bin;C:\Users\akm.faisal\AppData\Roaming\nvm;C:\Program Files\nodejs;C:\Users\akm.faisal\AppData\Local\Android\Sdk\platform-tools;c:\Users\akm.faisal\AppData\Local\Programs\cursor\resources\app\bin;C:\Program Files\Java\allure-2.35.1\bin;C:\Users\akm.faisal\AppData\Local\Microsoft\WindowsApps;C:\Users\akm.faisal\.dotnet\tools;C:\Program Files\JetBrains\PyCharm 2021.3\bin;;C:\Users\akm.faisal\AppData\Roaming\npm;C:\Program Files\JetBrains\IntelliJ IDEA Community Edition 2023.3\bin;;C:\Users\akm.faisal\AppData\Roaming\nvm;C:\Program Files\nodejs;C:\Program Files\Java\gradle-8.5\bin;C:\Users\akm.faisal\AppData\Local\Programs\Microsoft VS Code\bin
USERNAME=akm.faisal
OS=Windows_NT
PROCESSOR_IDENTIFIER=Intel64 Family 6 Model 142 Stepping 12, GenuineIntel



---------------  S Y S T E M  ---------------

OS:
 Windows 10 , 64 bit Build 19041 (10.0.19041.5915)
OS uptime: 0 days 3:47 hours
Hyper-V role detected

CPU: total 8 (initial active 8) (4 cores per cpu, 2 threads per core) family 6 model 142 stepping 12 microcode 0xd6, cx8, cmov, fxsr, ht, mmx, 3dnowpref, sse, sse2, sse3, ssse3, sse4.1, sse4.2, popcnt, lzcnt, tsc, tscinvbit, avx, avx2, aes, erms, clmul, bmi1, bmi2, adx, fma, vzeroupper, clflush, clflushopt, hv

Memory: 4k page, system-wide physical 15698M (2082M free)
TotalPageFile size 41684M (AvailPageFile size 4M)
current process WorkingSet (physical memory assigned to process): 219M, peak: 219M
current process commit charge ("private bytes"): 425M, peak: 426M

vm_info: Java HotSpot(TM) 64-Bit Server VM (17.0.8+9-LTS-211) for windows-amd64 JRE (17.0.8+9-LTS-211), built on Jun 14 2023 10:34:31 by "mach5one" with MS VC++ 17.1 (VS2022)

END.
